{"/home/low/sniping-bot/frontend/trading-bot-ui/src/App.tsx": {"path":"/home/low/sniping-bot/frontend/trading-bot-ui/src/App.tsx","statementMap":{"0":{"start":{"line":6,"column":22},"end":{"line":6,"column":48}},"1":{"start":{"line":6,"column":28},"end":{"line":6,"column":48}},"2":{"start":{"line":7,"column":20},"end":{"line":7,"column":44}},"3":{"start":{"line":7,"column":26},"end":{"line":7,"column":44}},"4":{"start":{"line":8,"column":20},"end":{"line":8,"column":47}},"5":{"start":{"line":8,"column":26},"end":{"line":8,"column":47}},"6":{"start":{"line":9,"column":22},"end":{"line":9,"column":46}},"7":{"start":{"line":9,"column":28},"end":{"line":9,"column":46}},"8":{"start":{"line":10,"column":21},"end":{"line":10,"column":46}},"9":{"start":{"line":10,"column":27},"end":{"line":10,"column":46}},"10":{"start":{"line":11,"column":21},"end":{"line":11,"column":48}},"11":{"start":{"line":11,"column":27},"end":{"line":11,"column":48}},"12":{"start":{"line":14,"column":2},"end":{"line":29,"column":4}}},"fnMap":{"0":{"name":"(anonymous_0)","decl":{"start":{"line":6,"column":22},"end":{"line":6,"column":23}},"loc":{"start":{"line":6,"column":28},"end":{"line":6,"column":48}},"line":6},"1":{"name":"(anonymous_1)","decl":{"start":{"line":7,"column":20},"end":{"line":7,"column":21}},"loc":{"start":{"line":7,"column":26},"end":{"line":7,"column":44}},"line":7},"2":{"name":"(anonymous_2)","decl":{"start":{"line":8,"column":20},"end":{"line":8,"column":21}},"loc":{"start":{"line":8,"column":26},"end":{"line":8,"column":47}},"line":8},"3":{"name":"(anonymous_3)","decl":{"start":{"line":9,"column":22},"end":{"line":9,"column":23}},"loc":{"start":{"line":9,"column":28},"end":{"line":9,"column":46}},"line":9},"4":{"name":"(anonymous_4)","decl":{"start":{"line":10,"column":21},"end":{"line":10,"column":22}},"loc":{"start":{"line":10,"column":27},"end":{"line":10,"column":46}},"line":10},"5":{"name":"(anonymous_5)","decl":{"start":{"line":11,"column":21},"end":{"line":11,"column":22}},"loc":{"start":{"line":11,"column":27},"end":{"line":11,"column":48}},"line":11},"6":{"name":"App","decl":{"start":{"line":13,"column":9},"end":{"line":13,"column":12}},"loc":{"start":{"line":13,"column":15},"end":{"line":30,"column":1}},"line":13}},"branchMap":{},"s":{"0":0,"1":0,"2":0,"3":0,"4":0,"5":0,"6":0,"7":0,"8":0,"9":0,"10":0,"11":0,"12":0},"f":{"0":0,"1":0,"2":0,"3":0,"4":0,"5":0,"6":0},"b":{}}
,"/home/low/sniping-bot/frontend/trading-bot-ui/src/components/config/ConfigForm.tsx": {"path":"/home/low/sniping-bot/frontend/trading-bot-ui/src/components/config/ConfigForm.tsx","statementMap":{"0":{"start":{"line":21,"column":33},"end":{"line":43,"column":1}},"1":{"start":{"line":51,"column":17},"end":{"line":55,"column":1}},"2":{"start":{"line":52,"column":2},"end":{"line":54,"column":8}},"3":{"start":{"line":57,"column":26},"end":{"line":318,"column":1}},"4":{"start":{"line":58,"column":30},"end":{"line":58,"column":64}},"5":{"start":{"line":59,"column":36},"end":{"line":59,"column":47}},"6":{"start":{"line":60,"column":34},"end":{"line":60,"column":46}},"7":{"start":{"line":61,"column":40},"end":{"line":61,"column":55}},"8":{"start":{"line":63,"column":23},"end":{"line":74,"column":3}},"9":{"start":{"line":63,"column":66},"end":{"line":74,"column":3}},"10":{"start":{"line":66,"column":18},"end":{"line":66,"column":102}},"11":{"start":{"line":67,"column":4},"end":{"line":73,"column":8}},"12":{"start":{"line":67,"column":25},"end":{"line":73,"column":5}},"13":{"start":{"line":76,"column":25},"end":{"line":87,"column":3}},"14":{"start":{"line":77,"column":4},"end":{"line":86,"column":5}},"15":{"start":{"line":78,"column":6},"end":{"line":84,"column":10}},"16":{"start":{"line":78,"column":27},"end":{"line":84,"column":7}},"17":{"start":{"line":85,"column":6},"end":{"line":85,"column":22}},"18":{"start":{"line":89,"column":28},"end":{"line":97,"column":3}},"19":{"start":{"line":90,"column":4},"end":{"line":96,"column":8}},"20":{"start":{"line":90,"column":25},"end":{"line":96,"column":5}},"21":{"start":{"line":94,"column":72},"end":{"line":94,"column":83}},"22":{"start":{"line":99,"column":23},"end":{"line":111,"column":3}},"23":{"start":{"line":100,"column":4},"end":{"line":110,"column":5}},"24":{"start":{"line":102,"column":6},"end":{"line":106,"column":9}},"25":{"start":{"line":107,"column":6},"end":{"line":107,"column":27}},"26":{"start":{"line":109,"column":6},"end":{"line":109,"column":80}},"27":{"start":{"line":113,"column":2},"end":{"line":317,"column":4}},"28":{"start":{"line":116,"column":59},"end":{"line":116,"column":81}},"29":{"start":{"line":170,"column":35},"end":{"line":170,"column":62}},"30":{"start":{"line":184,"column":18},"end":{"line":189,"column":20}},"31":{"start":{"line":187,"column":36},"end":{"line":187,"column":60}},"32":{"start":{"line":297,"column":31},"end":{"line":297,"column":92}},"33":{"start":{"line":297,"column":52},"end":{"line":297,"column":90}},"34":{"start":{"line":310,"column":23},"end":{"line":310,"column":44}},"35":{"start":{"line":312,"column":49},"end":{"line":312,"column":70}}},"fnMap":{"0":{"name":"(anonymous_0)","decl":{"start":{"line":51,"column":17},"end":{"line":51,"column":18}},"loc":{"start":{"line":52,"column":2},"end":{"line":54,"column":8}},"line":52},"1":{"name":"(anonymous_1)","decl":{"start":{"line":57,"column":26},"end":{"line":57,"column":27}},"loc":{"start":{"line":57,"column":32},"end":{"line":318,"column":1}},"line":57},"2":{"name":"(anonymous_2)","decl":{"start":{"line":63,"column":23},"end":{"line":63,"column":24}},"loc":{"start":{"line":63,"column":66},"end":{"line":74,"column":3}},"line":63},"3":{"name":"(anonymous_3)","decl":{"start":{"line":63,"column":66},"end":{"line":63,"column":67}},"loc":{"start":{"line":65,"column":7},"end":{"line":74,"column":3}},"line":65},"4":{"name":"(anonymous_4)","decl":{"start":{"line":67,"column":14},"end":{"line":67,"column":15}},"loc":{"start":{"line":67,"column":25},"end":{"line":73,"column":5}},"line":67},"5":{"name":"(anonymous_5)","decl":{"start":{"line":76,"column":25},"end":{"line":76,"column":26}},"loc":{"start":{"line":76,"column":31},"end":{"line":87,"column":3}},"line":76},"6":{"name":"(anonymous_6)","decl":{"start":{"line":78,"column":16},"end":{"line":78,"column":17}},"loc":{"start":{"line":78,"column":27},"end":{"line":84,"column":7}},"line":78},"7":{"name":"(anonymous_7)","decl":{"start":{"line":89,"column":28},"end":{"line":89,"column":29}},"loc":{"start":{"line":89,"column":47},"end":{"line":97,"column":3}},"line":89},"8":{"name":"(anonymous_8)","decl":{"start":{"line":90,"column":14},"end":{"line":90,"column":15}},"loc":{"start":{"line":90,"column":25},"end":{"line":96,"column":5}},"line":90},"9":{"name":"(anonymous_9)","decl":{"start":{"line":94,"column":65},"end":{"line":94,"column":66}},"loc":{"start":{"line":94,"column":72},"end":{"line":94,"column":83}},"line":94},"10":{"name":"(anonymous_10)","decl":{"start":{"line":99,"column":23},"end":{"line":99,"column":24}},"loc":{"start":{"line":99,"column":35},"end":{"line":111,"column":3}},"line":99},"11":{"name":"(anonymous_11)","decl":{"start":{"line":116,"column":42},"end":{"line":116,"column":43}},"loc":{"start":{"line":116,"column":59},"end":{"line":116,"column":81}},"line":116},"12":{"name":"(anonymous_12)","decl":{"start":{"line":170,"column":28},"end":{"line":170,"column":29}},"loc":{"start":{"line":170,"column":35},"end":{"line":170,"column":62}},"line":170},"13":{"name":"(anonymous_13)","decl":{"start":{"line":183,"column":54},"end":{"line":183,"column":55}},"loc":{"start":{"line":184,"column":18},"end":{"line":189,"column":20}},"line":184},"14":{"name":"(anonymous_14)","decl":{"start":{"line":187,"column":30},"end":{"line":187,"column":31}},"loc":{"start":{"line":187,"column":36},"end":{"line":187,"column":60}},"line":187},"15":{"name":"(anonymous_15)","decl":{"start":{"line":297,"column":24},"end":{"line":297,"column":25}},"loc":{"start":{"line":297,"column":31},"end":{"line":297,"column":92}},"line":297},"16":{"name":"(anonymous_16)","decl":{"start":{"line":297,"column":41},"end":{"line":297,"column":42}},"loc":{"start":{"line":297,"column":52},"end":{"line":297,"column":90}},"line":297},"17":{"name":"(anonymous_17)","decl":{"start":{"line":310,"column":17},"end":{"line":310,"column":18}},"loc":{"start":{"line":310,"column":23},"end":{"line":310,"column":44}},"line":310},"18":{"name":"(anonymous_18)","decl":{"start":{"line":312,"column":43},"end":{"line":312,"column":44}},"loc":{"start":{"line":312,"column":49},"end":{"line":312,"column":70}},"line":312}},"branchMap":{"0":{"loc":{"start":{"line":53,"column":5},"end":{"line":53,"column":32}},"type":"binary-expr","locations":[{"start":{"line":53,"column":5},"end":{"line":53,"column":20}},{"start":{"line":53,"column":24},"end":{"line":53,"column":32}}],"line":53},"1":{"loc":{"start":{"line":66,"column":18},"end":{"line":66,"column":102}},"type":"cond-expr","locations":[{"start":{"line":66,"column":53},"end":{"line":66,"column":73}},{"start":{"line":66,"column":76},"end":{"line":66,"column":102}}],"line":66},"2":{"loc":{"start":{"line":77,"column":4},"end":{"line":86,"column":5}},"type":"if","locations":[{"start":{"line":77,"column":4},"end":{"line":86,"column":5}},{"start":{},"end":{}}],"line":77},"3":{"loc":{"start":{"line":77,"column":8},"end":{"line":77,"column":72}},"type":"binary-expr","locations":[{"start":{"line":77,"column":8},"end":{"line":77,"column":16}},{"start":{"line":77,"column":20},"end":{"line":77,"column":72}}],"line":77}},"s":{"0":0,"1":0,"2":0,"3":0,"4":0,"5":0,"6":0,"7":0,"8":0,"9":0,"10":0,"11":0,"12":0,"13":0,"14":0,"15":0,"16":0,"17":0,"18":0,"19":0,"20":0,"21":0,"22":0,"23":0,"24":0,"25":0,"26":0,"27":0,"28":0,"29":0,"30":0,"31":0,"32":0,"33":0,"34":0,"35":0},"f":{"0":0,"1":0,"2":0,"3":0,"4":0,"5":0,"6":0,"7":0,"8":0,"9":0,"10":0,"11":0,"12":0,"13":0,"14":0,"15":0,"16":0,"17":0,"18":0},"b":{"0":[0,0],"1":[0,0],"2":[0,0],"3":[0,0]}}
,"/home/low/sniping-bot/frontend/trading-bot-ui/src/components/dashboard/PerformanceChart.tsx": {"path":"/home/low/sniping-bot/frontend/trading-bot-ui/src/components/dashboard/PerformanceChart.tsx","statementMap":{"0":{"start":{"line":18,"column":32},"end":{"line":71,"column":1}},"1":{"start":{"line":19,"column":25},"end":{"line":20,"column":88}},"2":{"start":{"line":20,"column":4},"end":{"line":20,"column":88}},"3":{"start":{"line":22,"column":21},"end":{"line":27,"column":3}},"4":{"start":{"line":23,"column":4},"end":{"line":26,"column":7}},"5":{"start":{"line":29,"column":2},"end":{"line":70,"column":4}},"6":{"start":{"line":56,"column":44},"end":{"line":56,"column":77}}},"fnMap":{"0":{"name":"(anonymous_0)","decl":{"start":{"line":18,"column":32},"end":{"line":18,"column":33}},"loc":{"start":{"line":18,"column":76},"end":{"line":71,"column":1}},"line":18},"1":{"name":"(anonymous_1)","decl":{"start":{"line":19,"column":25},"end":{"line":19,"column":26}},"loc":{"start":{"line":20,"column":4},"end":{"line":20,"column":88}},"line":20},"2":{"name":"(anonymous_2)","decl":{"start":{"line":22,"column":21},"end":{"line":22,"column":22}},"loc":{"start":{"line":22,"column":44},"end":{"line":27,"column":3}},"line":22},"3":{"name":"(anonymous_3)","decl":{"start":{"line":56,"column":25},"end":{"line":56,"column":26}},"loc":{"start":{"line":56,"column":44},"end":{"line":56,"column":77}},"line":56}},"branchMap":{},"s":{"0":0,"1":0,"2":0,"3":0,"4":0,"5":0,"6":0},"f":{"0":0,"1":0,"2":0,"3":0},"b":{}}
,"/home/low/sniping-bot/frontend/trading-bot-ui/src/components/dashboard/RecentTransactions.tsx": {"path":"/home/low/sniping-bot/frontend/trading-bot-ui/src/components/dashboard/RecentTransactions.tsx","statementMap":{"0":{"start":{"line":18,"column":34},"end":{"line":98,"column":1}},"1":{"start":{"line":19,"column":25},"end":{"line":20,"column":88}},"2":{"start":{"line":20,"column":4},"end":{"line":20,"column":88}},"3":{"start":{"line":22,"column":21},"end":{"line":26,"column":6}},"4":{"start":{"line":23,"column":4},"end":{"line":26,"column":6}},"5":{"start":{"line":28,"column":25},"end":{"line":39,"column":3}},"6":{"start":{"line":29,"column":4},"end":{"line":38,"column":5}},"7":{"start":{"line":31,"column":8},"end":{"line":31,"column":25}},"8":{"start":{"line":33,"column":8},"end":{"line":33,"column":25}},"9":{"start":{"line":35,"column":8},"end":{"line":35,"column":23}},"10":{"start":{"line":37,"column":8},"end":{"line":37,"column":25}},"11":{"start":{"line":41,"column":23},"end":{"line":43,"column":3}},"12":{"start":{"line":42,"column":4},"end":{"line":42,"column":52}},"13":{"start":{"line":45,"column":2},"end":{"line":97,"column":4}},"14":{"start":{"line":65,"column":14},"end":{"line":91,"column":25}}},"fnMap":{"0":{"name":"(anonymous_0)","decl":{"start":{"line":18,"column":34},"end":{"line":18,"column":35}},"loc":{"start":{"line":18,"column":81},"end":{"line":98,"column":1}},"line":18},"1":{"name":"(anonymous_1)","decl":{"start":{"line":19,"column":25},"end":{"line":19,"column":26}},"loc":{"start":{"line":20,"column":4},"end":{"line":20,"column":88}},"line":20},"2":{"name":"(anonymous_2)","decl":{"start":{"line":22,"column":21},"end":{"line":22,"column":22}},"loc":{"start":{"line":23,"column":4},"end":{"line":26,"column":6}},"line":23},"3":{"name":"(anonymous_3)","decl":{"start":{"line":28,"column":25},"end":{"line":28,"column":26}},"loc":{"start":{"line":28,"column":45},"end":{"line":39,"column":3}},"line":28},"4":{"name":"(anonymous_4)","decl":{"start":{"line":41,"column":23},"end":{"line":41,"column":24}},"loc":{"start":{"line":41,"column":49},"end":{"line":43,"column":3}},"line":41},"5":{"name":"(anonymous_5)","decl":{"start":{"line":64,"column":30},"end":{"line":64,"column":31}},"loc":{"start":{"line":65,"column":14},"end":{"line":91,"column":25}},"line":65}},"branchMap":{"0":{"loc":{"start":{"line":29,"column":4},"end":{"line":38,"column":5}},"type":"switch","locations":[{"start":{"line":30,"column":6},"end":{"line":31,"column":25}},{"start":{"line":32,"column":6},"end":{"line":33,"column":25}},{"start":{"line":34,"column":6},"end":{"line":35,"column":23}},{"start":{"line":36,"column":6},"end":{"line":37,"column":25}}],"line":29},"1":{"loc":{"start":{"line":42,"column":11},"end":{"line":42,"column":51}},"type":"cond-expr","locations":[{"start":{"line":42,"column":28},"end":{"line":42,"column":37}},{"start":{"line":42,"column":40},"end":{"line":42,"column":51}}],"line":42}},"s":{"0":0,"1":0,"2":0,"3":0,"4":0,"5":0,"6":0,"7":0,"8":0,"9":0,"10":0,"11":0,"12":0,"13":0,"14":0},"f":{"0":0,"1":0,"2":0,"3":0,"4":0,"5":0},"b":{"0":[0,0,0,0],"1":[0,0]}}
,"/home/low/sniping-bot/frontend/trading-bot-ui/src/components/dashboard/StatsOverview.tsx": {"path":"/home/low/sniping-bot/frontend/trading-bot-ui/src/components/dashboard/StatsOverview.tsx","statementMap":{"0":{"start":{"line":19,"column":17},"end":{"line":48,"column":1}},"1":{"start":{"line":20,"column":2},"end":{"line":47,"column":10}},"2":{"start":{"line":54,"column":29},"end":{"line":113,"column":1}},"3":{"start":{"line":55,"column":25},"end":{"line":56,"column":88}},"4":{"start":{"line":56,"column":4},"end":{"line":56,"column":88}},"5":{"start":{"line":58,"column":24},"end":{"line":59,"column":102}},"6":{"start":{"line":59,"column":4},"end":{"line":59,"column":102}},"7":{"start":{"line":61,"column":2},"end":{"line":112,"column":4}}},"fnMap":{"0":{"name":"(anonymous_0)","decl":{"start":{"line":19,"column":17},"end":{"line":19,"column":18}},"loc":{"start":{"line":20,"column":2},"end":{"line":47,"column":10}},"line":20},"1":{"name":"(anonymous_1)","decl":{"start":{"line":54,"column":29},"end":{"line":54,"column":30}},"loc":{"start":{"line":54,"column":64},"end":{"line":113,"column":1}},"line":54},"2":{"name":"(anonymous_2)","decl":{"start":{"line":55,"column":25},"end":{"line":55,"column":26}},"loc":{"start":{"line":56,"column":4},"end":{"line":56,"column":88}},"line":56},"3":{"name":"(anonymous_3)","decl":{"start":{"line":58,"column":24},"end":{"line":58,"column":25}},"loc":{"start":{"line":59,"column":4},"end":{"line":59,"column":102}},"line":59}},"branchMap":{"0":{"loc":{"start":{"line":92,"column":17},"end":{"line":92,"column":62}},"type":"cond-expr","locations":[{"start":{"line":92,"column":41},"end":{"line":92,"column":50}},{"start":{"line":92,"column":53},"end":{"line":92,"column":62}}],"line":92}},"s":{"0":0,"1":0,"2":0,"3":0,"4":0,"5":0,"6":0,"7":0},"f":{"0":0,"1":0,"2":0,"3":0},"b":{"0":[0,0]}}
,"/home/low/sniping-bot/frontend/trading-bot-ui/src/components/jupiter/JupiterStats.tsx": {"path":"/home/low/sniping-bot/frontend/trading-bot-ui/src/components/jupiter/JupiterStats.tsx","statementMap":{"0":{"start":{"line":31,"column":17},"end":{"line":43,"column":1}},"1":{"start":{"line":32,"column":2},"end":{"line":42,"column":9}},"2":{"start":{"line":45,"column":19},"end":{"line":92,"column":1}},"3":{"start":{"line":46,"column":25},"end":{"line":47,"column":88}},"4":{"start":{"line":47,"column":4},"end":{"line":47,"column":88}},"5":{"start":{"line":49,"column":24},"end":{"line":52,"column":5}},"6":{"start":{"line":50,"column":4},"end":{"line":52,"column":5}},"7":{"start":{"line":54,"column":2},"end":{"line":91,"column":4}},"8":{"start":{"line":69,"column":12},"end":{"line":86,"column":23}},"9":{"start":{"line":94,"column":19},"end":{"line":129,"column":1}},"10":{"start":{"line":95,"column":25},"end":{"line":96,"column":88}},"11":{"start":{"line":96,"column":4},"end":{"line":96,"column":88}},"12":{"start":{"line":98,"column":24},"end":{"line":101,"column":5}},"13":{"start":{"line":99,"column":4},"end":{"line":101,"column":5}},"14":{"start":{"line":103,"column":2},"end":{"line":128,"column":4}},"15":{"start":{"line":116,"column":12},"end":{"line":123,"column":23}},"16":{"start":{"line":131,"column":20},"end":{"line":178,"column":1}},"17":{"start":{"line":132,"column":25},"end":{"line":133,"column":88}},"18":{"start":{"line":133,"column":4},"end":{"line":133,"column":88}},"19":{"start":{"line":135,"column":21},"end":{"line":140,"column":6}},"20":{"start":{"line":136,"column":4},"end":{"line":140,"column":6}},"21":{"start":{"line":142,"column":2},"end":{"line":177,"column":4}},"22":{"start":{"line":164,"column":42},"end":{"line":164,"column":75}},"23":{"start":{"line":180,"column":28},"end":{"line":294,"column":1}},"24":{"start":{"line":181,"column":28},"end":{"line":189,"column":4}},"25":{"start":{"line":190,"column":36},"end":{"line":190,"column":51}},"26":{"start":{"line":192,"column":26},"end":{"line":197,"column":4}},"27":{"start":{"line":195,"column":6},"end":{"line":195,"column":21}},"28":{"start":{"line":199,"column":25},"end":{"line":200,"column":88}},"29":{"start":{"line":200,"column":4},"end":{"line":200,"column":88}},"30":{"start":{"line":202,"column":24},"end":{"line":205,"column":5}},"31":{"start":{"line":203,"column":4},"end":{"line":205,"column":5}},"32":{"start":{"line":207,"column":2},"end":{"line":220,"column":9}},"33":{"start":{"line":208,"column":30},"end":{"line":217,"column":5}},"34":{"start":{"line":209,"column":6},"end":{"line":216,"column":7}},"35":{"start":{"line":210,"column":25},"end":{"line":210,"column":61}},"36":{"start":{"line":211,"column":21},"end":{"line":211,"column":42}},"37":{"start":{"line":212,"column":8},"end":{"line":212,"column":23}},"38":{"start":{"line":214,"column":8},"end":{"line":214,"column":89}},"39":{"start":{"line":215,"column":8},"end":{"line":215,"column":27}},"40":{"start":{"line":219,"column":4},"end":{"line":219,"column":24}},"41":{"start":{"line":222,"column":2},"end":{"line":293,"column":4}},"42":{"start":{"line":286,"column":23},"end":{"line":286,"column":42}},"43":{"start":{"line":288,"column":47},"end":{"line":288,"column":66}}},"fnMap":{"0":{"name":"(anonymous_0)","decl":{"start":{"line":31,"column":17},"end":{"line":31,"column":18}},"loc":{"start":{"line":32,"column":2},"end":{"line":42,"column":9}},"line":32},"1":{"name":"(anonymous_1)","decl":{"start":{"line":45,"column":19},"end":{"line":45,"column":20}},"loc":{"start":{"line":45,"column":60},"end":{"line":92,"column":1}},"line":45},"2":{"name":"(anonymous_2)","decl":{"start":{"line":46,"column":25},"end":{"line":46,"column":26}},"loc":{"start":{"line":47,"column":4},"end":{"line":47,"column":88}},"line":47},"3":{"name":"(anonymous_3)","decl":{"start":{"line":49,"column":24},"end":{"line":49,"column":25}},"loc":{"start":{"line":50,"column":4},"end":{"line":52,"column":5}},"line":50},"4":{"name":"(anonymous_4)","decl":{"start":{"line":68,"column":21},"end":{"line":68,"column":22}},"loc":{"start":{"line":69,"column":12},"end":{"line":86,"column":23}},"line":69},"5":{"name":"(anonymous_5)","decl":{"start":{"line":94,"column":19},"end":{"line":94,"column":20}},"loc":{"start":{"line":94,"column":58},"end":{"line":129,"column":1}},"line":94},"6":{"name":"(anonymous_6)","decl":{"start":{"line":95,"column":25},"end":{"line":95,"column":26}},"loc":{"start":{"line":96,"column":4},"end":{"line":96,"column":88}},"line":96},"7":{"name":"(anonymous_7)","decl":{"start":{"line":98,"column":24},"end":{"line":98,"column":25}},"loc":{"start":{"line":99,"column":4},"end":{"line":101,"column":5}},"line":99},"8":{"name":"(anonymous_8)","decl":{"start":{"line":115,"column":21},"end":{"line":115,"column":22}},"loc":{"start":{"line":116,"column":12},"end":{"line":123,"column":23}},"line":116},"9":{"name":"(anonymous_9)","decl":{"start":{"line":131,"column":20},"end":{"line":131,"column":21}},"loc":{"start":{"line":131,"column":85},"end":{"line":178,"column":1}},"line":131},"10":{"name":"(anonymous_10)","decl":{"start":{"line":132,"column":25},"end":{"line":132,"column":26}},"loc":{"start":{"line":133,"column":4},"end":{"line":133,"column":88}},"line":133},"11":{"name":"(anonymous_11)","decl":{"start":{"line":135,"column":21},"end":{"line":135,"column":22}},"loc":{"start":{"line":136,"column":4},"end":{"line":140,"column":6}},"line":136},"12":{"name":"(anonymous_12)","decl":{"start":{"line":164,"column":23},"end":{"line":164,"column":24}},"loc":{"start":{"line":164,"column":42},"end":{"line":164,"column":75}},"line":164},"13":{"name":"(anonymous_13)","decl":{"start":{"line":180,"column":28},"end":{"line":180,"column":29}},"loc":{"start":{"line":180,"column":34},"end":{"line":294,"column":1}},"line":180},"14":{"name":"(anonymous_14)","decl":{"start":{"line":194,"column":15},"end":{"line":194,"column":16}},"loc":{"start":{"line":194,"column":25},"end":{"line":196,"column":5}},"line":194},"15":{"name":"(anonymous_15)","decl":{"start":{"line":199,"column":25},"end":{"line":199,"column":26}},"loc":{"start":{"line":200,"column":4},"end":{"line":200,"column":88}},"line":200},"16":{"name":"(anonymous_16)","decl":{"start":{"line":202,"column":24},"end":{"line":202,"column":25}},"loc":{"start":{"line":203,"column":4},"end":{"line":205,"column":5}},"line":203},"17":{"name":"(anonymous_17)","decl":{"start":{"line":207,"column":12},"end":{"line":207,"column":13}},"loc":{"start":{"line":207,"column":18},"end":{"line":220,"column":3}},"line":207},"18":{"name":"(anonymous_18)","decl":{"start":{"line":208,"column":30},"end":{"line":208,"column":31}},"loc":{"start":{"line":208,"column":42},"end":{"line":217,"column":5}},"line":208},"19":{"name":"(anonymous_19)","decl":{"start":{"line":286,"column":17},"end":{"line":286,"column":18}},"loc":{"start":{"line":286,"column":23},"end":{"line":286,"column":42}},"line":286},"20":{"name":"(anonymous_20)","decl":{"start":{"line":288,"column":41},"end":{"line":288,"column":42}},"loc":{"start":{"line":288,"column":47},"end":{"line":288,"column":66}},"line":288}},"branchMap":{"0":{"loc":{"start":{"line":31,"column":34},"end":{"line":31,"column":45}},"type":"default-arg","locations":[{"start":{"line":31,"column":43},"end":{"line":31,"column":45}}],"line":31},"1":{"loc":{"start":{"line":31,"column":47},"end":{"line":31,"column":69}},"type":"default-arg","locations":[{"start":{"line":31,"column":55},"end":{"line":31,"column":69}}],"line":31},"2":{"loc":{"start":{"line":82,"column":25},"end":{"line":82,"column":71}},"type":"cond-expr","locations":[{"start":{"line":82,"column":52},"end":{"line":82,"column":61}},{"start":{"line":82,"column":64},"end":{"line":82,"column":71}}],"line":82},"3":{"loc":{"start":{"line":229,"column":17},"end":{"line":229,"column":56}},"type":"cond-expr","locations":[{"start":{"line":229,"column":31},"end":{"line":229,"column":41}},{"start":{"line":229,"column":44},"end":{"line":229,"column":56}}],"line":229},"4":{"loc":{"start":{"line":230,"column":17},"end":{"line":230,"column":50}},"type":"cond-expr","locations":[{"start":{"line":230,"column":31},"end":{"line":230,"column":40}},{"start":{"line":230,"column":43},"end":{"line":230,"column":50}}],"line":230}},"s":{"0":0,"1":0,"2":0,"3":0,"4":0,"5":0,"6":0,"7":0,"8":0,"9":0,"10":0,"11":0,"12":0,"13":0,"14":0,"15":0,"16":0,"17":0,"18":0,"19":0,"20":0,"21":0,"22":0,"23":0,"24":0,"25":0,"26":0,"27":0,"28":0,"29":0,"30":0,"31":0,"32":0,"33":0,"34":0,"35":0,"36":0,"37":0,"38":0,"39":0,"40":0,"41":0,"42":0,"43":0},"f":{"0":0,"1":0,"2":0,"3":0,"4":0,"5":0,"6":0,"7":0,"8":0,"9":0,"10":0,"11":0,"12":0,"13":0,"14":0,"15":0,"16":0,"17":0,"18":0,"19":0,"20":0},"b":{"0":[0],"1":[0],"2":[0,0],"3":[0,0],"4":[0,0]}}
,"/home/low/sniping-bot/frontend/trading-bot-ui/src/components/layout/Layout.tsx": {"path":"/home/low/sniping-bot/frontend/trading-bot-ui/src/components/layout/Layout.tsx","statementMap":{"0":{"start":{"line":10,"column":22},"end":{"line":30,"column":1}},"1":{"start":{"line":11,"column":2},"end":{"line":29,"column":4}}},"fnMap":{"0":{"name":"(anonymous_0)","decl":{"start":{"line":10,"column":22},"end":{"line":10,"column":23}},"loc":{"start":{"line":10,"column":53},"end":{"line":30,"column":1}},"line":10}},"branchMap":{},"s":{"0":0,"1":0},"f":{"0":0},"b":{}}
,"/home/low/sniping-bot/frontend/trading-bot-ui/src/components/layout/Navbar.tsx": {"path":"/home/low/sniping-bot/frontend/trading-bot-ui/src/components/layout/Navbar.tsx","statementMap":{"0":{"start":{"line":16,"column":22},"end":{"line":44,"column":1}},"1":{"start":{"line":17,"column":16},"end":{"line":17,"column":26}},"2":{"start":{"line":19,"column":2},"end":{"line":43,"column":4}}},"fnMap":{"0":{"name":"(anonymous_0)","decl":{"start":{"line":16,"column":22},"end":{"line":16,"column":23}},"loc":{"start":{"line":16,"column":28},"end":{"line":44,"column":1}},"line":16}},"branchMap":{},"s":{"0":0,"1":0,"2":0},"f":{"0":0},"b":{}}
,"/home/low/sniping-bot/frontend/trading-bot-ui/src/components/layout/Sidebar.tsx": {"path":"/home/low/sniping-bot/frontend/trading-bot-ui/src/components/layout/Sidebar.tsx","statementMap":{"0":{"start":{"line":23,"column":21},"end":{"line":23,"column":24}},"1":{"start":{"line":25,"column":18},"end":{"line":32,"column":1}},"2":{"start":{"line":34,"column":23},"end":{"line":86,"column":1}},"3":{"start":{"line":35,"column":16},"end":{"line":35,"column":26}},"4":{"start":{"line":36,"column":19},"end":{"line":36,"column":32}},"5":{"start":{"line":37,"column":19},"end":{"line":37,"column":32}},"6":{"start":{"line":38,"column":42},"end":{"line":38,"column":69}},"7":{"start":{"line":40,"column":27},"end":{"line":43,"column":3}},"8":{"start":{"line":41,"column":4},"end":{"line":41,"column":26}},"9":{"start":{"line":42,"column":4},"end":{"line":42,"column":19}},"10":{"start":{"line":45,"column":2},"end":{"line":85,"column":4}},"11":{"start":{"line":61,"column":10},"end":{"line":81,"column":21}},"12":{"start":{"line":64,"column":29},"end":{"line":64,"column":56}}},"fnMap":{"0":{"name":"(anonymous_0)","decl":{"start":{"line":34,"column":23},"end":{"line":34,"column":24}},"loc":{"start":{"line":34,"column":29},"end":{"line":86,"column":1}},"line":34},"1":{"name":"(anonymous_1)","decl":{"start":{"line":40,"column":27},"end":{"line":40,"column":28}},"loc":{"start":{"line":40,"column":45},"end":{"line":43,"column":3}},"line":40},"2":{"name":"(anonymous_2)","decl":{"start":{"line":60,"column":23},"end":{"line":60,"column":24}},"loc":{"start":{"line":61,"column":10},"end":{"line":81,"column":21}},"line":61},"3":{"name":"(anonymous_3)","decl":{"start":{"line":64,"column":23},"end":{"line":64,"column":24}},"loc":{"start":{"line":64,"column":29},"end":{"line":64,"column":56}},"line":64}},"branchMap":{"0":{"loc":{"start":{"line":76,"column":41},"end":{"line":76,"column":97}},"type":"cond-expr","locations":[{"start":{"line":76,"column":70},"end":{"line":76,"column":85}},{"start":{"line":76,"column":88},"end":{"line":76,"column":97}}],"line":76}},"s":{"0":0,"1":0,"2":0,"3":0,"4":0,"5":0,"6":0,"7":0,"8":0,"9":0,"10":0,"11":0,"12":0},"f":{"0":0,"1":0,"2":0,"3":0},"b":{"0":[0,0]}}
,"/home/low/sniping-bot/frontend/trading-bot-ui/src/components/transactions/TransactionList.tsx": {"path":"/home/low/sniping-bot/frontend/trading-bot-ui/src/components/transactions/TransactionList.tsx","statementMap":{"0":{"start":{"line":36,"column":30},"end":{"line":36,"column":47}},"1":{"start":{"line":42,"column":23},"end":{"line":170,"column":1}},"2":{"start":{"line":43,"column":26},"end":{"line":43,"column":41}},"3":{"start":{"line":45,"column":25},"end":{"line":46,"column":88}},"4":{"start":{"line":46,"column":4},"end":{"line":46,"column":88}},"5":{"start":{"line":48,"column":21},"end":{"line":53,"column":6}},"6":{"start":{"line":49,"column":4},"end":{"line":53,"column":6}},"7":{"start":{"line":55,"column":25},"end":{"line":66,"column":3}},"8":{"start":{"line":56,"column":4},"end":{"line":65,"column":5}},"9":{"start":{"line":58,"column":8},"end":{"line":58,"column":25}},"10":{"start":{"line":60,"column":8},"end":{"line":60,"column":25}},"11":{"start":{"line":62,"column":8},"end":{"line":62,"column":23}},"12":{"start":{"line":64,"column":8},"end":{"line":64,"column":25}},"13":{"start":{"line":68,"column":26},"end":{"line":70,"column":3}},"14":{"start":{"line":69,"column":4},"end":{"line":69,"column":40}},"15":{"start":{"line":72,"column":2},"end":{"line":169,"column":4}},"16":{"start":{"line":76,"column":50},"end":{"line":76,"column":64}},"17":{"start":{"line":126,"column":41},"end":{"line":126,"column":74}},"18":{"start":{"line":176,"column":18},"end":{"line":228,"column":1}},"19":{"start":{"line":177,"column":25},"end":{"line":178,"column":88}},"20":{"start":{"line":178,"column":4},"end":{"line":178,"column":88}},"21":{"start":{"line":180,"column":24},"end":{"line":183,"column":5}},"22":{"start":{"line":181,"column":4},"end":{"line":183,"column":5}},"23":{"start":{"line":185,"column":2},"end":{"line":227,"column":4}},"24":{"start":{"line":230,"column":31},"end":{"line":391,"column":1}},"25":{"start":{"line":231,"column":26},"end":{"line":231,"column":37}},"26":{"start":{"line":232,"column":40},"end":{"line":232,"column":74}},"27":{"start":{"line":233,"column":32},"end":{"line":236,"column":4}},"28":{"start":{"line":237,"column":26},"end":{"line":249,"column":4}},"29":{"start":{"line":251,"column":28},"end":{"line":265,"column":3}},"30":{"start":{"line":252,"column":4},"end":{"line":264,"column":5}},"31":{"start":{"line":253,"column":26},"end":{"line":257,"column":8}},"32":{"start":{"line":259,"column":23},"end":{"line":259,"column":81}},"33":{"start":{"line":260,"column":44},"end":{"line":260,"column":65}},"34":{"start":{"line":261,"column":6},"end":{"line":261,"column":22}},"35":{"start":{"line":263,"column":6},"end":{"line":263,"column":79}},"36":{"start":{"line":267,"column":2},"end":{"line":269,"column":35}},"37":{"start":{"line":268,"column":4},"end":{"line":268,"column":24}},"38":{"start":{"line":271,"column":27},"end":{"line":273,"column":3}},"39":{"start":{"line":272,"column":4},"end":{"line":272,"column":21}},"40":{"start":{"line":275,"column":34},"end":{"line":278,"column":3}},"41":{"start":{"line":276,"column":4},"end":{"line":276,"column":53}},"42":{"start":{"line":277,"column":4},"end":{"line":277,"column":15}},"43":{"start":{"line":280,"column":2},"end":{"line":390,"column":4}},"44":{"start":{"line":294,"column":14},"end":{"line":297,"column":17}},"45":{"start":{"line":294,"column":36},"end":{"line":297,"column":15}},"46":{"start":{"line":307,"column":14},"end":{"line":310,"column":17}},"47":{"start":{"line":307,"column":36},"end":{"line":310,"column":15}},"48":{"start":{"line":322,"column":14},"end":{"line":325,"column":17}},"49":{"start":{"line":322,"column":36},"end":{"line":325,"column":15}},"50":{"start":{"line":340,"column":14},"end":{"line":343,"column":17}},"51":{"start":{"line":340,"column":36},"end":{"line":343,"column":15}},"52":{"start":{"line":370,"column":14},"end":{"line":370,"column":79}},"53":{"start":{"line":386,"column":10},"end":{"line":386,"column":71}}},"fnMap":{"0":{"name":"(anonymous_0)","decl":{"start":{"line":42,"column":23},"end":{"line":42,"column":24}},"loc":{"start":{"line":42,"column":65},"end":{"line":170,"column":1}},"line":42},"1":{"name":"(anonymous_1)","decl":{"start":{"line":45,"column":25},"end":{"line":45,"column":26}},"loc":{"start":{"line":46,"column":4},"end":{"line":46,"column":88}},"line":46},"2":{"name":"(anonymous_2)","decl":{"start":{"line":48,"column":21},"end":{"line":48,"column":22}},"loc":{"start":{"line":49,"column":4},"end":{"line":53,"column":6}},"line":49},"3":{"name":"(anonymous_3)","decl":{"start":{"line":55,"column":25},"end":{"line":55,"column":26}},"loc":{"start":{"line":55,"column":45},"end":{"line":66,"column":3}},"line":55},"4":{"name":"(anonymous_4)","decl":{"start":{"line":68,"column":26},"end":{"line":68,"column":27}},"loc":{"start":{"line":68,"column":44},"end":{"line":70,"column":3}},"line":68},"5":{"name":"(anonymous_5)","decl":{"start":{"line":76,"column":44},"end":{"line":76,"column":45}},"loc":{"start":{"line":76,"column":50},"end":{"line":76,"column":64}},"line":76},"6":{"name":"(anonymous_6)","decl":{"start":{"line":126,"column":35},"end":{"line":126,"column":36}},"loc":{"start":{"line":126,"column":41},"end":{"line":126,"column":74}},"line":126},"7":{"name":"(anonymous_7)","decl":{"start":{"line":176,"column":18},"end":{"line":176,"column":19}},"loc":{"start":{"line":176,"column":49},"end":{"line":228,"column":1}},"line":176},"8":{"name":"(anonymous_8)","decl":{"start":{"line":177,"column":25},"end":{"line":177,"column":26}},"loc":{"start":{"line":178,"column":4},"end":{"line":178,"column":88}},"line":178},"9":{"name":"(anonymous_9)","decl":{"start":{"line":180,"column":24},"end":{"line":180,"column":25}},"loc":{"start":{"line":181,"column":4},"end":{"line":183,"column":5}},"line":181},"10":{"name":"(anonymous_10)","decl":{"start":{"line":230,"column":31},"end":{"line":230,"column":32}},"loc":{"start":{"line":230,"column":37},"end":{"line":391,"column":1}},"line":230},"11":{"name":"(anonymous_11)","decl":{"start":{"line":251,"column":28},"end":{"line":251,"column":29}},"loc":{"start":{"line":251,"column":40},"end":{"line":265,"column":3}},"line":251},"12":{"name":"(anonymous_12)","decl":{"start":{"line":267,"column":12},"end":{"line":267,"column":13}},"loc":{"start":{"line":267,"column":18},"end":{"line":269,"column":3}},"line":267},"13":{"name":"(anonymous_13)","decl":{"start":{"line":271,"column":27},"end":{"line":271,"column":28}},"loc":{"start":{"line":271,"column":60},"end":{"line":273,"column":3}},"line":271},"14":{"name":"(anonymous_14)","decl":{"start":{"line":275,"column":34},"end":{"line":275,"column":35}},"loc":{"start":{"line":275,"column":82},"end":{"line":278,"column":3}},"line":275},"15":{"name":"(anonymous_15)","decl":{"start":{"line":293,"column":22},"end":{"line":293,"column":23}},"loc":{"start":{"line":294,"column":14},"end":{"line":297,"column":17}},"line":294},"16":{"name":"(anonymous_16)","decl":{"start":{"line":294,"column":25},"end":{"line":294,"column":26}},"loc":{"start":{"line":294,"column":36},"end":{"line":297,"column":15}},"line":294},"17":{"name":"(anonymous_17)","decl":{"start":{"line":306,"column":22},"end":{"line":306,"column":23}},"loc":{"start":{"line":307,"column":14},"end":{"line":310,"column":17}},"line":307},"18":{"name":"(anonymous_18)","decl":{"start":{"line":307,"column":25},"end":{"line":307,"column":26}},"loc":{"start":{"line":307,"column":36},"end":{"line":310,"column":15}},"line":307},"19":{"name":"(anonymous_19)","decl":{"start":{"line":321,"column":22},"end":{"line":321,"column":23}},"loc":{"start":{"line":322,"column":14},"end":{"line":325,"column":17}},"line":322},"20":{"name":"(anonymous_20)","decl":{"start":{"line":322,"column":25},"end":{"line":322,"column":26}},"loc":{"start":{"line":322,"column":36},"end":{"line":325,"column":15}},"line":322},"21":{"name":"(anonymous_21)","decl":{"start":{"line":339,"column":22},"end":{"line":339,"column":23}},"loc":{"start":{"line":340,"column":14},"end":{"line":343,"column":17}},"line":340},"22":{"name":"(anonymous_22)","decl":{"start":{"line":340,"column":25},"end":{"line":340,"column":26}},"loc":{"start":{"line":340,"column":36},"end":{"line":343,"column":15}},"line":340},"23":{"name":"(anonymous_23)","decl":{"start":{"line":369,"column":35},"end":{"line":369,"column":36}},"loc":{"start":{"line":370,"column":14},"end":{"line":370,"column":79}},"line":370},"24":{"name":"(anonymous_24)","decl":{"start":{"line":385,"column":28},"end":{"line":385,"column":29}},"loc":{"start":{"line":386,"column":10},"end":{"line":386,"column":71}},"line":386}},"branchMap":{"0":{"loc":{"start":{"line":56,"column":4},"end":{"line":65,"column":5}},"type":"switch","locations":[{"start":{"line":57,"column":6},"end":{"line":58,"column":25}},{"start":{"line":59,"column":6},"end":{"line":60,"column":25}},{"start":{"line":61,"column":6},"end":{"line":62,"column":23}},{"start":{"line":63,"column":6},"end":{"line":64,"column":25}}],"line":56},"1":{"loc":{"start":{"line":77,"column":13},"end":{"line":77,"column":71}},"type":"cond-expr","locations":[{"start":{"line":77,"column":20},"end":{"line":77,"column":43}},{"start":{"line":77,"column":46},"end":{"line":77,"column":71}}],"line":77},"2":{"loc":{"start":{"line":84,"column":19},"end":{"line":84,"column":71}},"type":"cond-expr","locations":[{"start":{"line":84,"column":48},"end":{"line":84,"column":57}},{"start":{"line":84,"column":60},"end":{"line":84,"column":71}}],"line":84},"3":{"loc":{"start":{"line":141,"column":38},"end":{"line":141,"column":66}},"type":"binary-expr","locations":[{"start":{"line":141,"column":38},"end":{"line":141,"column":57}},{"start":{"line":141,"column":61},"end":{"line":141,"column":66}}],"line":141},"4":{"loc":{"start":{"line":144,"column":35},"end":{"line":144,"column":96}},"type":"cond-expr","locations":[{"start":{"line":144,"column":58},"end":{"line":144,"column":88}},{"start":{"line":144,"column":91},"end":{"line":144,"column":96}}],"line":144},"5":{"loc":{"start":{"line":149,"column":17},"end":{"line":162,"column":17}},"type":"binary-expr","locations":[{"start":{"line":149,"column":17},"end":{"line":149,"column":34}},{"start":{"line":150,"column":18},"end":{"line":161,"column":25}}],"line":149},"6":{"loc":{"start":{"line":219,"column":21},"end":{"line":219,"column":74}},"type":"cond-expr","locations":[{"start":{"line":219,"column":45},"end":{"line":219,"column":59}},{"start":{"line":219,"column":62},"end":{"line":219,"column":74}}],"line":219},"7":{"loc":{"start":{"line":292,"column":19},"end":{"line":292,"column":73}},"type":"cond-expr","locations":[{"start":{"line":292,"column":39},"end":{"line":292,"column":66}},{"start":{"line":292,"column":69},"end":{"line":292,"column":73}}],"line":292},"8":{"loc":{"start":{"line":305,"column":19},"end":{"line":305,"column":69}},"type":"cond-expr","locations":[{"start":{"line":305,"column":37},"end":{"line":305,"column":62}},{"start":{"line":305,"column":65},"end":{"line":305,"column":69}}],"line":305},"9":{"loc":{"start":{"line":320,"column":19},"end":{"line":320,"column":40}},"type":"binary-expr","locations":[{"start":{"line":320,"column":19},"end":{"line":320,"column":31}},{"start":{"line":320,"column":35},"end":{"line":320,"column":40}}],"line":320},"10":{"loc":{"start":{"line":338,"column":19},"end":{"line":338,"column":42}},"type":"binary-expr","locations":[{"start":{"line":338,"column":19},"end":{"line":338,"column":33}},{"start":{"line":338,"column":37},"end":{"line":338,"column":42}}],"line":338},"11":{"loc":{"start":{"line":386,"column":31},"end":{"line":386,"column":69}},"type":"cond-expr","locations":[{"start":{"line":386,"column":46},"end":{"line":386,"column":51}},{"start":{"line":386,"column":54},"end":{"line":386,"column":69}}],"line":386}},"s":{"0":0,"1":0,"2":0,"3":0,"4":0,"5":0,"6":0,"7":0,"8":0,"9":0,"10":0,"11":0,"12":0,"13":0,"14":0,"15":0,"16":0,"17":0,"18":0,"19":0,"20":0,"21":0,"22":0,"23":0,"24":0,"25":0,"26":0,"27":0,"28":0,"29":0,"30":0,"31":0,"32":0,"33":0,"34":0,"35":0,"36":0,"37":0,"38":0,"39":0,"40":0,"41":0,"42":0,"43":0,"44":0,"45":0,"46":0,"47":0,"48":0,"49":0,"50":0,"51":0,"52":0,"53":0},"f":{"0":0,"1":0,"2":0,"3":0,"4":0,"5":0,"6":0,"7":0,"8":0,"9":0,"10":0,"11":0,"12":0,"13":0,"14":0,"15":0,"16":0,"17":0,"18":0,"19":0,"20":0,"21":0,"22":0,"23":0,"24":0},"b":{"0":[0,0,0,0],"1":[0,0],"2":[0,0],"3":[0,0],"4":[0,0],"5":[0,0],"6":[0,0],"7":[0,0],"8":[0,0],"9":[0,0],"10":[0,0],"11":[0,0]}}
,"/home/low/sniping-bot/frontend/trading-bot-ui/src/hooks/useWebSocket.ts": {"path":"/home/low/sniping-bot/frontend/trading-bot-ui/src/hooks/useWebSocket.ts","statementMap":{"0":{"start":{"line":12,"column":40},"end":{"line":12,"column":55}},"1":{"start":{"line":13,"column":40},"end":{"line":13,"column":64}},"2":{"start":{"line":15,"column":24},"end":{"line":21,"column":3}},"3":{"start":{"line":17,"column":6},"end":{"line":17,"column":27}},"4":{"start":{"line":18,"column":6},"end":{"line":18,"column":24}},"5":{"start":{"line":23,"column":2},"end":{"line":35,"column":41}},"6":{"start":{"line":24,"column":4},"end":{"line":26,"column":5}},"7":{"start":{"line":25,"column":6},"end":{"line":25,"column":33}},"8":{"start":{"line":28,"column":31},"end":{"line":28,"column":81}},"9":{"start":{"line":29,"column":34},"end":{"line":29,"column":85}},"10":{"start":{"line":31,"column":4},"end":{"line":34,"column":6}},"11":{"start":{"line":32,"column":6},"end":{"line":32,"column":27}},"12":{"start":{"line":33,"column":6},"end":{"line":33,"column":30}},"13":{"start":{"line":37,"column":18},"end":{"line":39,"column":8}},"14":{"start":{"line":38,"column":4},"end":{"line":38,"column":31}},"15":{"start":{"line":41,"column":21},"end":{"line":43,"column":8}},"16":{"start":{"line":42,"column":4},"end":{"line":42,"column":34}},"17":{"start":{"line":45,"column":2},"end":{"line":50,"column":4}}},"fnMap":{"0":{"name":"useWebSocket","decl":{"start":{"line":11,"column":16},"end":{"line":11,"column":28}},"loc":{"start":{"line":11,"column":97},"end":{"line":51,"column":1}},"line":11},"1":{"name":"(anonymous_1)","decl":{"start":{"line":16,"column":4},"end":{"line":16,"column":5}},"loc":{"start":{"line":16,"column":17},"end":{"line":19,"column":5}},"line":16},"2":{"name":"(anonymous_2)","decl":{"start":{"line":23,"column":12},"end":{"line":23,"column":13}},"loc":{"start":{"line":23,"column":18},"end":{"line":35,"column":3}},"line":23},"3":{"name":"(anonymous_3)","decl":{"start":{"line":31,"column":11},"end":{"line":31,"column":12}},"loc":{"start":{"line":31,"column":17},"end":{"line":34,"column":5}},"line":31},"4":{"name":"(anonymous_4)","decl":{"start":{"line":37,"column":30},"end":{"line":37,"column":31}},"loc":{"start":{"line":37,"column":36},"end":{"line":39,"column":3}},"line":37},"5":{"name":"(anonymous_5)","decl":{"start":{"line":41,"column":33},"end":{"line":41,"column":34}},"loc":{"start":{"line":41,"column":39},"end":{"line":43,"column":3}},"line":41}},"branchMap":{"0":{"loc":{"start":{"line":11,"column":51},"end":{"line":11,"column":69}},"type":"default-arg","locations":[{"start":{"line":11,"column":65},"end":{"line":11,"column":69}}],"line":11},"1":{"loc":{"start":{"line":24,"column":4},"end":{"line":26,"column":5}},"type":"if","locations":[{"start":{"line":24,"column":4},"end":{"line":26,"column":5}},{"start":{},"end":{}}],"line":24}},"s":{"0":12,"1":12,"2":12,"3":2,"4":2,"5":12,"6":8,"7":7,"8":8,"9":8,"10":8,"11":8,"12":1,"13":12,"14":1,"15":12,"16":1,"17":12},"f":{"0":12,"1":2,"2":8,"3":8,"4":1,"5":1},"b":{"0":[11],"1":[7,1]},"_coverageSchema":"1a1c01bbd47fc00a2c39e90264f33305004495a9","hash":"adab0921f9e7c6787c00e14d2c2d78a41f2c7d5f"}
,"/home/low/sniping-bot/frontend/trading-bot-ui/src/mocks/handlers.ts": {"path":"/home/low/sniping-bot/frontend/trading-bot-ui/src/mocks/handlers.ts","statementMap":{"0":{"start":{"line":4,"column":44},"end":{"line":38,"column":1}},"1":{"start":{"line":23,"column":55},"end":{"line":26,"column":3}},"2":{"start":{"line":40,"column":24},"end":{"line":130,"column":1}},"3":{"start":{"line":43,"column":4},"end":{"line":58,"column":6}},"4":{"start":{"line":63,"column":4},"end":{"line":69,"column":6}},"5":{"start":{"line":74,"column":4},"end":{"line":88,"column":6}},"6":{"start":{"line":93,"column":4},"end":{"line":101,"column":6}},"7":{"start":{"line":106,"column":4},"end":{"line":113,"column":6}},"8":{"start":{"line":118,"column":4},"end":{"line":128,"column":6}}},"fnMap":{"0":{"name":"(anonymous_0)","decl":{"start":{"line":23,"column":44},"end":{"line":23,"column":45}},"loc":{"start":{"line":23,"column":55},"end":{"line":26,"column":3}},"line":23},"1":{"name":"(anonymous_1)","decl":{"start":{"line":42,"column":33},"end":{"line":42,"column":34}},"loc":{"start":{"line":42,"column":52},"end":{"line":59,"column":3}},"line":42},"2":{"name":"(anonymous_2)","decl":{"start":{"line":62,"column":38},"end":{"line":62,"column":39}},"loc":{"start":{"line":62,"column":57},"end":{"line":70,"column":3}},"line":62},"3":{"name":"(anonymous_3)","decl":{"start":{"line":73,"column":43},"end":{"line":73,"column":44}},"loc":{"start":{"line":73,"column":62},"end":{"line":89,"column":3}},"line":73},"4":{"name":"(anonymous_4)","decl":{"start":{"line":92,"column":36},"end":{"line":92,"column":37}},"loc":{"start":{"line":92,"column":55},"end":{"line":102,"column":3}},"line":92},"5":{"name":"(anonymous_5)","decl":{"start":{"line":105,"column":44},"end":{"line":105,"column":45}},"loc":{"start":{"line":105,"column":63},"end":{"line":114,"column":3}},"line":105},"6":{"name":"(anonymous_6)","decl":{"start":{"line":117,"column":37},"end":{"line":117,"column":38}},"loc":{"start":{"line":117,"column":56},"end":{"line":129,"column":3}},"line":117}},"branchMap":{},"s":{"0":3,"1":72,"2":3,"3":1,"4":1,"5":1,"6":0,"7":0,"8":0},"f":{"0":72,"1":1,"2":1,"3":1,"4":0,"5":0,"6":0},"b":{},"_coverageSchema":"1a1c01bbd47fc00a2c39e90264f33305004495a9","hash":"3df1efae3d0a8da8a718f4925ba3695833e8a091"}
,"/home/low/sniping-bot/frontend/trading-bot-ui/src/mocks/server.ts": {"path":"/home/low/sniping-bot/frontend/trading-bot-ui/src/mocks/server.ts","statementMap":{"0":{"start":{"line":5,"column":22},"end":{"line":5,"column":46}}},"fnMap":{},"branchMap":{},"s":{"0":3},"f":{},"b":{},"_coverageSchema":"1a1c01bbd47fc00a2c39e90264f33305004495a9","hash":"0dc0c1f87cebd816705053ec4c5bd0363d1c4bec"}
,"/home/low/sniping-bot/frontend/trading-bot-ui/src/pages/DashboardPage.tsx": {"path":"/home/low/sniping-bot/frontend/trading-bot-ui/src/pages/DashboardPage.tsx","statementMap":{"0":{"start":{"line":9,"column":32},"end":{"line":16,"column":1}},"1":{"start":{"line":18,"column":47},"end":{"line":22,"column":3}},"2":{"start":{"line":18,"column":85},"end":{"line":22,"column":1}},"3":{"start":{"line":24,"column":40},"end":{"line":36,"column":1}},"4":{"start":{"line":38,"column":29},"end":{"line":68,"column":1}},"5":{"start":{"line":39,"column":28},"end":{"line":39,"column":61}},"6":{"start":{"line":40,"column":48},"end":{"line":40,"column":96}},"7":{"start":{"line":41,"column":42},"end":{"line":41,"column":83}},"8":{"start":{"line":43,"column":2},"end":{"line":48,"column":9}},"9":{"start":{"line":50,"column":2},"end":{"line":67,"column":4}}},"fnMap":{"0":{"name":"(anonymous_0)","decl":{"start":{"line":18,"column":74},"end":{"line":18,"column":75}},"loc":{"start":{"line":18,"column":85},"end":{"line":22,"column":1}},"line":18},"1":{"name":"(anonymous_1)","decl":{"start":{"line":38,"column":29},"end":{"line":38,"column":30}},"loc":{"start":{"line":38,"column":35},"end":{"line":68,"column":1}},"line":38},"2":{"name":"(anonymous_2)","decl":{"start":{"line":43,"column":12},"end":{"line":43,"column":13}},"loc":{"start":{"line":43,"column":18},"end":{"line":48,"column":3}},"line":43}},"branchMap":{},"s":{"0":0,"1":0,"2":0,"3":0,"4":0,"5":0,"6":0,"7":0,"8":0,"9":0},"f":{"0":0,"1":0,"2":0},"b":{}}
,"/home/low/sniping-bot/frontend/trading-bot-ui/src/services/websocket.ts": {"path":"/home/low/sniping-bot/frontend/trading-bot-ui/src/services/websocket.ts","statementMap":{"0":{"start":{"line":3,"column":40},"end":{"line":7,"column":1}},"1":{"start":{"line":10,"column":33},"end":{"line":10,"column":37}},"2":{"start":{"line":12,"column":23},"end":{"line":12,"column":24}},"3":{"start":{"line":13,"column":52},"end":{"line":13,"column":56}},"4":{"start":{"line":14,"column":79},"end":{"line":14,"column":88}},"5":{"start":{"line":15,"column":66},"end":{"line":15,"column":75}},"6":{"start":{"line":18,"column":4},"end":{"line":18,"column":51}},"7":{"start":{"line":22,"column":4},"end":{"line":22,"column":55}},"8":{"start":{"line":22,"column":48},"end":{"line":22,"column":55}},"9":{"start":{"line":24,"column":4},"end":{"line":30,"column":5}},"10":{"start":{"line":25,"column":6},"end":{"line":25,"column":47}},"11":{"start":{"line":26,"column":6},"end":{"line":26,"column":32}},"12":{"start":{"line":28,"column":6},"end":{"line":28,"column":72}},"13":{"start":{"line":29,"column":6},"end":{"line":29,"column":31}},"14":{"start":{"line":34,"column":4},"end":{"line":37,"column":5}},"15":{"start":{"line":35,"column":6},"end":{"line":35,"column":22}},"16":{"start":{"line":36,"column":6},"end":{"line":36,"column":21}},"17":{"start":{"line":38,"column":4},"end":{"line":41,"column":5}},"18":{"start":{"line":39,"column":6},"end":{"line":39,"column":42}},"19":{"start":{"line":40,"column":6},"end":{"line":40,"column":35}},"20":{"start":{"line":42,"column":4},"end":{"line":42,"column":38}},"21":{"start":{"line":46,"column":4},"end":{"line":48,"column":5}},"22":{"start":{"line":47,"column":6},"end":{"line":47,"column":48}},"23":{"start":{"line":49,"column":4},"end":{"line":49,"column":49}},"24":{"start":{"line":51,"column":4},"end":{"line":59,"column":6}},"25":{"start":{"line":52,"column":23},"end":{"line":52,"column":53}},"26":{"start":{"line":53,"column":6},"end":{"line":58,"column":7}},"27":{"start":{"line":54,"column":8},"end":{"line":54,"column":33}},"28":{"start":{"line":55,"column":8},"end":{"line":57,"column":9}},"29":{"start":{"line":56,"column":10},"end":{"line":56,"column":44}},"30":{"start":{"line":63,"column":4},"end":{"line":63,"column":41}},"31":{"start":{"line":64,"column":4},"end":{"line":66,"column":6}},"32":{"start":{"line":65,"column":6},"end":{"line":65,"column":46}},"33":{"start":{"line":70,"column":4},"end":{"line":70,"column":25}},"34":{"start":{"line":70,"column":18},"end":{"line":70,"column":25}},"35":{"start":{"line":72,"column":4},"end":{"line":76,"column":6}},"36":{"start":{"line":73,"column":6},"end":{"line":73,"column":40}},"37":{"start":{"line":74,"column":6},"end":{"line":74,"column":26}},"38":{"start":{"line":75,"column":6},"end":{"line":75,"column":39}},"39":{"start":{"line":78,"column":4},"end":{"line":82,"column":6}},"40":{"start":{"line":79,"column":6},"end":{"line":79,"column":42}},"41":{"start":{"line":80,"column":6},"end":{"line":80,"column":40}},"42":{"start":{"line":81,"column":6},"end":{"line":81,"column":31}},"43":{"start":{"line":84,"column":4},"end":{"line":87,"column":6}},"44":{"start":{"line":85,"column":6},"end":{"line":85,"column":48}},"45":{"start":{"line":86,"column":6},"end":{"line":86,"column":40}},"46":{"start":{"line":89,"column":4},"end":{"line":96,"column":6}},"47":{"start":{"line":90,"column":6},"end":{"line":95,"column":7}},"48":{"start":{"line":91,"column":42},"end":{"line":91,"column":64}},"49":{"start":{"line":92,"column":8},"end":{"line":92,"column":36}},"50":{"start":{"line":94,"column":8},"end":{"line":94,"column":77}},"51":{"start":{"line":100,"column":21},"end":{"line":100,"column":59}},"52":{"start":{"line":101,"column":4},"end":{"line":109,"column":5}},"53":{"start":{"line":102,"column":6},"end":{"line":108,"column":9}},"54":{"start":{"line":103,"column":8},"end":{"line":107,"column":9}},"55":{"start":{"line":104,"column":10},"end":{"line":104,"column":32}},"56":{"start":{"line":106,"column":10},"end":{"line":106,"column":79}},"57":{"start":{"line":113,"column":4},"end":{"line":116,"column":5}},"58":{"start":{"line":114,"column":6},"end":{"line":114,"column":75}},"59":{"start":{"line":115,"column":6},"end":{"line":115,"column":13}},"60":{"start":{"line":118,"column":4},"end":{"line":120,"column":5}},"61":{"start":{"line":119,"column":6},"end":{"line":119,"column":42}},"62":{"start":{"line":122,"column":4},"end":{"line":126,"column":38}},"63":{"start":{"line":123,"column":6},"end":{"line":123,"column":95}},"64":{"start":{"line":124,"column":6},"end":{"line":124,"column":24}},"65":{"start":{"line":125,"column":6},"end":{"line":125,"column":21}},"66":{"start":{"line":130,"column":4},"end":{"line":136,"column":7}},"67":{"start":{"line":131,"column":6},"end":{"line":135,"column":7}},"68":{"start":{"line":132,"column":8},"end":{"line":132,"column":27}},"69":{"start":{"line":134,"column":8},"end":{"line":134,"column":69}},"70":{"start":{"line":141,"column":32},"end":{"line":141,"column":54}}},"fnMap":{"0":{"name":"(anonymous_0)","decl":{"start":{"line":17,"column":2},"end":{"line":17,"column":3}},"loc":{"start":{"line":17,"column":53},"end":{"line":19,"column":3}},"line":17},"1":{"name":"(anonymous_1)","decl":{"start":{"line":21,"column":2},"end":{"line":21,"column":3}},"loc":{"start":{"line":21,"column":25},"end":{"line":31,"column":3}},"line":21},"2":{"name":"(anonymous_2)","decl":{"start":{"line":33,"column":2},"end":{"line":33,"column":3}},"loc":{"start":{"line":33,"column":28},"end":{"line":43,"column":3}},"line":33},"3":{"name":"(anonymous_3)","decl":{"start":{"line":45,"column":2},"end":{"line":45,"column":3}},"loc":{"start":{"line":45,"column":88},"end":{"line":60,"column":3}},"line":45},"4":{"name":"(anonymous_4)","decl":{"start":{"line":51,"column":11},"end":{"line":51,"column":12}},"loc":{"start":{"line":51,"column":17},"end":{"line":59,"column":5}},"line":51},"5":{"name":"(anonymous_5)","decl":{"start":{"line":62,"column":2},"end":{"line":62,"column":3}},"loc":{"start":{"line":62,"column":79},"end":{"line":67,"column":3}},"line":62},"6":{"name":"(anonymous_6)","decl":{"start":{"line":64,"column":11},"end":{"line":64,"column":12}},"loc":{"start":{"line":64,"column":17},"end":{"line":66,"column":5}},"line":64},"7":{"name":"(anonymous_7)","decl":{"start":{"line":69,"column":2},"end":{"line":69,"column":3}},"loc":{"start":{"line":69,"column":37},"end":{"line":97,"column":3}},"line":69},"8":{"name":"(anonymous_8)","decl":{"start":{"line":72,"column":21},"end":{"line":72,"column":22}},"loc":{"start":{"line":72,"column":27},"end":{"line":76,"column":5}},"line":72},"9":{"name":"(anonymous_9)","decl":{"start":{"line":78,"column":22},"end":{"line":78,"column":23}},"loc":{"start":{"line":78,"column":28},"end":{"line":82,"column":5}},"line":78},"10":{"name":"(anonymous_10)","decl":{"start":{"line":84,"column":22},"end":{"line":84,"column":23}},"loc":{"start":{"line":84,"column":33},"end":{"line":87,"column":5}},"line":84},"11":{"name":"(anonymous_11)","decl":{"start":{"line":89,"column":24},"end":{"line":89,"column":25}},"loc":{"start":{"line":89,"column":35},"end":{"line":96,"column":5}},"line":89},"12":{"name":"(anonymous_12)","decl":{"start":{"line":99,"column":2},"end":{"line":99,"column":3}},"loc":{"start":{"line":99,"column":57},"end":{"line":110,"column":3}},"line":99},"13":{"name":"(anonymous_13)","decl":{"start":{"line":102,"column":23},"end":{"line":102,"column":24}},"loc":{"start":{"line":102,"column":36},"end":{"line":108,"column":7}},"line":102},"14":{"name":"(anonymous_14)","decl":{"start":{"line":112,"column":2},"end":{"line":112,"column":3}},"loc":{"start":{"line":112,"column":36},"end":{"line":127,"column":3}},"line":112},"15":{"name":"(anonymous_15)","decl":{"start":{"line":122,"column":39},"end":{"line":122,"column":40}},"loc":{"start":{"line":122,"column":45},"end":{"line":126,"column":5}},"line":122},"16":{"name":"(anonymous_16)","decl":{"start":{"line":129,"column":2},"end":{"line":129,"column":3}},"loc":{"start":{"line":129,"column":58},"end":{"line":137,"column":3}},"line":129},"17":{"name":"(anonymous_17)","decl":{"start":{"line":130,"column":36},"end":{"line":130,"column":37}},"loc":{"start":{"line":130,"column":49},"end":{"line":136,"column":5}},"line":130}},"branchMap":{"0":{"loc":{"start":{"line":17,"column":14},"end":{"line":17,"column":51}},"type":"default-arg","locations":[{"start":{"line":17,"column":49},"end":{"line":17,"column":51}}],"line":17},"1":{"loc":{"start":{"line":22,"column":4},"end":{"line":22,"column":55}},"type":"if","locations":[{"start":{"line":22,"column":4},"end":{"line":22,"column":55}},{"start":{},"end":{}}],"line":22},"2":{"loc":{"start":{"line":34,"column":4},"end":{"line":37,"column":5}},"type":"if","locations":[{"start":{"line":34,"column":4},"end":{"line":37,"column":5}},{"start":{},"end":{}}],"line":34},"3":{"loc":{"start":{"line":38,"column":4},"end":{"line":41,"column":5}},"type":"if","locations":[{"start":{"line":38,"column":4},"end":{"line":41,"column":5}},{"start":{},"end":{}}],"line":38},"4":{"loc":{"start":{"line":46,"column":4},"end":{"line":48,"column":5}},"type":"if","locations":[{"start":{"line":46,"column":4},"end":{"line":48,"column":5}},{"start":{},"end":{}}],"line":46},"5":{"loc":{"start":{"line":53,"column":6},"end":{"line":58,"column":7}},"type":"if","locations":[{"start":{"line":53,"column":6},"end":{"line":58,"column":7}},{"start":{},"end":{}}],"line":53},"6":{"loc":{"start":{"line":55,"column":8},"end":{"line":57,"column":9}},"type":"if","locations":[{"start":{"line":55,"column":8},"end":{"line":57,"column":9}},{"start":{},"end":{}}],"line":55},"7":{"loc":{"start":{"line":70,"column":4},"end":{"line":70,"column":25}},"type":"if","locations":[{"start":{"line":70,"column":4},"end":{"line":70,"column":25}},{"start":{},"end":{}}],"line":70},"8":{"loc":{"start":{"line":101,"column":4},"end":{"line":109,"column":5}},"type":"if","locations":[{"start":{"line":101,"column":4},"end":{"line":109,"column":5}},{"start":{},"end":{}}],"line":101},"9":{"loc":{"start":{"line":113,"column":4},"end":{"line":116,"column":5}},"type":"if","locations":[{"start":{"line":113,"column":4},"end":{"line":116,"column":5}},{"start":{},"end":{}}],"line":113},"10":{"loc":{"start":{"line":118,"column":4},"end":{"line":120,"column":5}},"type":"if","locations":[{"start":{"line":118,"column":4},"end":{"line":120,"column":5}},{"start":{},"end":{}}],"line":118}},"s":{"0":0,"1":0,"2":0,"3":0,"4":0,"5":0,"6":0,"7":0,"8":0,"9":0,"10":0,"11":0,"12":0,"13":0,"14":0,"15":0,"16":0,"17":0,"18":0,"19":0,"20":0,"21":0,"22":0,"23":0,"24":0,"25":0,"26":0,"27":0,"28":0,"29":0,"30":0,"31":0,"32":0,"33":0,"34":0,"35":0,"36":0,"37":0,"38":0,"39":0,"40":0,"41":0,"42":0,"43":0,"44":0,"45":0,"46":0,"47":0,"48":0,"49":0,"50":0,"51":0,"52":0,"53":0,"54":0,"55":0,"56":0,"57":0,"58":0,"59":0,"60":0,"61":0,"62":0,"63":0,"64":0,"65":0,"66":0,"67":0,"68":0,"69":0,"70":0},"f":{"0":0,"1":0,"2":0,"3":0,"4":0,"5":0,"6":0,"7":0,"8":0,"9":0,"10":0,"11":0,"12":0,"13":0,"14":0,"15":0,"16":0,"17":0},"b":{"0":[0],"1":[0,0],"2":[0,0],"3":[0,0],"4":[0,0],"5":[0,0],"6":[0,0],"7":[0,0],"8":[0,0],"9":[0,0],"10":[0,0]}}
,"/home/low/sniping-bot/frontend/trading-bot-ui/src/services/ws_client.ts": {"path":"/home/low/sniping-bot/frontend/trading-bot-ui/src/services/ws_client.ts","statementMap":{"0":{"start":{"line":19,"column":33},"end":{"line":19,"column":37}},"1":{"start":{"line":21,"column":38},"end":{"line":21,"column":39}},"2":{"start":{"line":22,"column":50},"end":{"line":22,"column":51}},"3":{"start":{"line":23,"column":37},"end":{"line":23,"column":41}},"4":{"start":{"line":24,"column":37},"end":{"line":24,"column":41}},"5":{"start":{"line":27,"column":4},"end":{"line":27,"column":12}},"6":{"start":{"line":28,"column":4},"end":{"line":28,"column":19}},"7":{"start":{"line":32,"column":4},"end":{"line":38,"column":5}},"8":{"start":{"line":33,"column":6},"end":{"line":33,"column":40}},"9":{"start":{"line":34,"column":6},"end":{"line":34,"column":32}},"10":{"start":{"line":36,"column":6},"end":{"line":36,"column":61}},"11":{"start":{"line":37,"column":6},"end":{"line":37,"column":29}},"12":{"start":{"line":42,"column":4},"end":{"line":42,"column":25}},"13":{"start":{"line":42,"column":18},"end":{"line":42,"column":25}},"14":{"start":{"line":44,"column":4},"end":{"line":49,"column":6}},"15":{"start":{"line":45,"column":6},"end":{"line":45,"column":40}},"16":{"start":{"line":46,"column":6},"end":{"line":46,"column":33}},"17":{"start":{"line":47,"column":6},"end":{"line":47,"column":35}},"18":{"start":{"line":48,"column":6},"end":{"line":48,"column":29}},"19":{"start":{"line":51,"column":4},"end":{"line":55,"column":6}},"20":{"start":{"line":52,"column":6},"end":{"line":52,"column":42}},"21":{"start":{"line":53,"column":6},"end":{"line":53,"column":29}},"22":{"start":{"line":54,"column":6},"end":{"line":54,"column":32}},"23":{"start":{"line":57,"column":4},"end":{"line":60,"column":6}},"24":{"start":{"line":58,"column":6},"end":{"line":58,"column":48}},"25":{"start":{"line":59,"column":6},"end":{"line":59,"column":32}},"26":{"start":{"line":62,"column":4},"end":{"line":69,"column":6}},"27":{"start":{"line":63,"column":6},"end":{"line":68,"column":7}},"28":{"start":{"line":64,"column":33},"end":{"line":64,"column":55}},"29":{"start":{"line":65,"column":8},"end":{"line":65,"column":34}},"30":{"start":{"line":67,"column":8},"end":{"line":67,"column":59}},"31":{"start":{"line":74,"column":4},"end":{"line":74,"column":38}},"32":{"start":{"line":75,"column":4},"end":{"line":75,"column":32}},"33":{"start":{"line":78,"column":4},"end":{"line":88,"column":5}},"34":{"start":{"line":81,"column":8},"end":{"line":81,"column":56}},"35":{"start":{"line":82,"column":8},"end":{"line":82,"column":14}},"36":{"start":{"line":84,"column":8},"end":{"line":84,"column":51}},"37":{"start":{"line":85,"column":8},"end":{"line":85,"column":14}},"38":{"start":{"line":87,"column":8},"end":{"line":87,"column":65}},"39":{"start":{"line":92,"column":4},"end":{"line":96,"column":5}},"40":{"start":{"line":93,"column":6},"end":{"line":93,"column":75}},"41":{"start":{"line":94,"column":6},"end":{"line":94,"column":36}},"42":{"start":{"line":95,"column":6},"end":{"line":95,"column":13}},"43":{"start":{"line":98,"column":4},"end":{"line":98,"column":29}},"44":{"start":{"line":99,"column":4},"end":{"line":99,"column":131}},"45":{"start":{"line":101,"column":4},"end":{"line":103,"column":30}},"46":{"start":{"line":102,"column":6},"end":{"line":102,"column":21}},"47":{"start":{"line":106,"column":4},"end":{"line":106,"column":71}},"48":{"start":{"line":110,"column":4},"end":{"line":110,"column":33}},"49":{"start":{"line":111,"column":4},"end":{"line":113,"column":5}},"50":{"start":{"line":112,"column":6},"end":{"line":112,"column":22}},"51":{"start":{"line":117,"column":4},"end":{"line":127,"column":5}},"52":{"start":{"line":118,"column":31},"end":{"line":122,"column":7}},"53":{"start":{"line":123,"column":6},"end":{"line":123,"column":44}},"54":{"start":{"line":125,"column":6},"end":{"line":125,"column":46}},"55":{"start":{"line":126,"column":6},"end":{"line":126,"column":62}},"56":{"start":{"line":132,"column":4},"end":{"line":132,"column":43}},"57":{"start":{"line":136,"column":4},"end":{"line":136,"column":52}},"58":{"start":{"line":140,"column":4},"end":{"line":140,"column":48}},"59":{"start":{"line":144,"column":4},"end":{"line":144,"column":46}},"60":{"start":{"line":148,"column":4},"end":{"line":148,"column":45}},"61":{"start":{"line":153,"column":24},"end":{"line":153,"column":45}},"62":{"start":{"line":156,"column":28},"end":{"line":158,"column":1}},"63":{"start":{"line":157,"column":2},"end":{"line":157,"column":18}}},"fnMap":{"0":{"name":"(anonymous_0)","decl":{"start":{"line":26,"column":2},"end":{"line":26,"column":3}},"loc":{"start":{"line":26,"column":51},"end":{"line":29,"column":3}},"line":26},"1":{"name":"(anonymous_1)","decl":{"start":{"line":31,"column":2},"end":{"line":31,"column":3}},"loc":{"start":{"line":31,"column":25},"end":{"line":39,"column":3}},"line":31},"2":{"name":"(anonymous_2)","decl":{"start":{"line":41,"column":2},"end":{"line":41,"column":3}},"loc":{"start":{"line":41,"column":37},"end":{"line":70,"column":3}},"line":41},"3":{"name":"(anonymous_3)","decl":{"start":{"line":44,"column":21},"end":{"line":44,"column":22}},"loc":{"start":{"line":44,"column":27},"end":{"line":49,"column":5}},"line":44},"4":{"name":"(anonymous_4)","decl":{"start":{"line":51,"column":22},"end":{"line":51,"column":23}},"loc":{"start":{"line":51,"column":28},"end":{"line":55,"column":5}},"line":51},"5":{"name":"(anonymous_5)","decl":{"start":{"line":57,"column":22},"end":{"line":57,"column":23}},"loc":{"start":{"line":57,"column":33},"end":{"line":60,"column":5}},"line":57},"6":{"name":"(anonymous_6)","decl":{"start":{"line":62,"column":24},"end":{"line":62,"column":25}},"loc":{"start":{"line":62,"column":35},"end":{"line":69,"column":5}},"line":62},"7":{"name":"(anonymous_7)","decl":{"start":{"line":72,"column":2},"end":{"line":72,"column":3}},"loc":{"start":{"line":72,"column":44},"end":{"line":89,"column":3}},"line":72},"8":{"name":"(anonymous_8)","decl":{"start":{"line":91,"column":2},"end":{"line":91,"column":3}},"loc":{"start":{"line":91,"column":34},"end":{"line":107,"column":3}},"line":91},"9":{"name":"(anonymous_9)","decl":{"start":{"line":101,"column":15},"end":{"line":101,"column":16}},"loc":{"start":{"line":101,"column":21},"end":{"line":103,"column":5}},"line":101},"10":{"name":"(anonymous_10)","decl":{"start":{"line":109,"column":2},"end":{"line":109,"column":3}},"loc":{"start":{"line":109,"column":28},"end":{"line":114,"column":3}},"line":109},"11":{"name":"(anonymous_11)","decl":{"start":{"line":116,"column":2},"end":{"line":116,"column":3}},"loc":{"start":{"line":116,"column":48},"end":{"line":128,"column":3}},"line":116},"12":{"name":"(anonymous_12)","decl":{"start":{"line":131,"column":2},"end":{"line":131,"column":3}},"loc":{"start":{"line":131,"column":67},"end":{"line":133,"column":3}},"line":131},"13":{"name":"(anonymous_13)","decl":{"start":{"line":135,"column":2},"end":{"line":135,"column":3}},"loc":{"start":{"line":135,"column":76},"end":{"line":137,"column":3}},"line":135},"14":{"name":"(anonymous_14)","decl":{"start":{"line":139,"column":2},"end":{"line":139,"column":3}},"loc":{"start":{"line":139,"column":72},"end":{"line":141,"column":3}},"line":139},"15":{"name":"(anonymous_15)","decl":{"start":{"line":143,"column":2},"end":{"line":143,"column":3}},"loc":{"start":{"line":143,"column":70},"end":{"line":145,"column":3}},"line":143},"16":{"name":"(anonymous_16)","decl":{"start":{"line":147,"column":2},"end":{"line":147,"column":3}},"loc":{"start":{"line":147,"column":69},"end":{"line":149,"column":3}},"line":147},"17":{"name":"(anonymous_17)","decl":{"start":{"line":156,"column":28},"end":{"line":156,"column":29}},"loc":{"start":{"line":156,"column":34},"end":{"line":158,"column":1}},"line":156}},"branchMap":{"0":{"loc":{"start":{"line":26,"column":14},"end":{"line":26,"column":49}},"type":"default-arg","locations":[{"start":{"line":26,"column":28},"end":{"line":26,"column":49}}],"line":26},"1":{"loc":{"start":{"line":42,"column":4},"end":{"line":42,"column":25}},"type":"if","locations":[{"start":{"line":42,"column":4},"end":{"line":42,"column":25}},{"start":{},"end":{}}],"line":42},"2":{"loc":{"start":{"line":78,"column":4},"end":{"line":88,"column":5}},"type":"switch","locations":[{"start":{"line":79,"column":6},"end":{"line":82,"column":14}},{"start":{"line":83,"column":6},"end":{"line":85,"column":14}},{"start":{"line":86,"column":6},"end":{"line":87,"column":65}}],"line":78},"3":{"loc":{"start":{"line":92,"column":4},"end":{"line":96,"column":5}},"type":"if","locations":[{"start":{"line":92,"column":4},"end":{"line":96,"column":5}},{"start":{},"end":{}}],"line":92},"4":{"loc":{"start":{"line":92,"column":8},"end":{"line":92,"column":84}},"type":"binary-expr","locations":[{"start":{"line":92,"column":8},"end":{"line":92,"column":29}},{"start":{"line":92,"column":33},"end":{"line":92,"column":84}}],"line":92},"5":{"loc":{"start":{"line":111,"column":4},"end":{"line":113,"column":5}},"type":"if","locations":[{"start":{"line":111,"column":4},"end":{"line":113,"column":5}},{"start":{},"end":{}}],"line":111},"6":{"loc":{"start":{"line":117,"column":4},"end":{"line":127,"column":5}},"type":"if","locations":[{"start":{"line":117,"column":4},"end":{"line":127,"column":5}},{"start":{"line":124,"column":11},"end":{"line":127,"column":5}}],"line":117},"7":{"loc":{"start":{"line":117,"column":8},"end":{"line":117,"column":56}},"type":"binary-expr","locations":[{"start":{"line":117,"column":8},"end":{"line":117,"column":15}},{"start":{"line":117,"column":19},"end":{"line":117,"column":56}}],"line":117}},"s":{"0":10,"1":10,"2":10,"3":10,"4":10,"5":10,"6":10,"7":15,"8":15,"9":15,"10":0,"11":0,"12":15,"13":0,"14":15,"15":1,"16":1,"17":1,"18":1,"19":15,"20":18,"21":18,"22":18,"23":15,"24":1,"25":1,"26":15,"27":2,"28":2,"29":1,"30":1,"31":1,"32":1,"33":1,"34":0,"35":0,"36":0,"37":0,"38":1,"39":18,"40":11,"41":11,"42":11,"43":7,"44":7,"45":7,"46":6,"47":7,"48":9,"49":9,"50":9,"51":1,"52":1,"53":1,"54":0,"55":0,"56":1,"57":0,"58":0,"59":0,"60":0,"61":1,"62":1,"63":0},"f":{"0":10,"1":15,"2":15,"3":1,"4":18,"5":1,"6":2,"7":1,"8":18,"9":6,"10":9,"11":1,"12":1,"13":0,"14":0,"15":0,"16":0,"17":0},"b":{"0":[1],"1":[0,15],"2":[0,0,1],"3":[11,7],"4":[18,9],"5":[9,0],"6":[1,0],"7":[1,1]},"_coverageSchema":"1a1c01bbd47fc00a2c39e90264f33305004495a9","hash":"a321837400b464a87c35d6e212912112e3df4f10"}
,"/home/low/sniping-bot/frontend/trading-bot-ui/src/theme/ThemeProvider.tsx": {"path":"/home/low/sniping-bot/frontend/trading-bot-ui/src/theme/ThemeProvider.tsx","statementMap":{"0":{"start":{"line":9,"column":29},"end":{"line":16,"column":1}},"1":{"start":{"line":10,"column":2},"end":{"line":15,"column":4}}},"fnMap":{"0":{"name":"(anonymous_0)","decl":{"start":{"line":9,"column":29},"end":{"line":9,"column":30}},"loc":{"start":{"line":9,"column":67},"end":{"line":16,"column":1}},"line":9}},"branchMap":{},"s":{"0":0,"1":0},"f":{"0":0},"b":{}}
,"/home/low/sniping-bot/frontend/trading-bot-ui/src/theme/index.ts": {"path":"/home/low/sniping-bot/frontend/trading-bot-ui/src/theme/index.ts","statementMap":{"0":{"start":{"line":3,"column":35},"end":{"line":93,"column":1}},"1":{"start":{"line":95,"column":21},"end":{"line":95,"column":46}}},"fnMap":{},"branchMap":{},"s":{"0":0,"1":0},"f":{},"b":{}}
,"/home/low/sniping-bot/frontend/trading-bot-ui/src/types/config.ts": {"path":"/home/low/sniping-bot/frontend/trading-bot-ui/src/types/config.ts","statementMap":{},"fnMap":{},"branchMap":{},"s":{},"f":{},"b":{}}
,"/home/low/sniping-bot/frontend/trading-bot-ui/src/types/dashboard.ts": {"path":"/home/low/sniping-bot/frontend/trading-bot-ui/src/types/dashboard.ts","statementMap":{},"fnMap":{},"branchMap":{},"s":{},"f":{},"b":{}}
,"/home/low/sniping-bot/frontend/trading-bot-ui/src/types/jupiter.ts": {"path":"/home/low/sniping-bot/frontend/trading-bot-ui/src/types/jupiter.ts","statementMap":{},"fnMap":{},"branchMap":{},"s":{},"f":{},"b":{}}
,"/home/low/sniping-bot/frontend/trading-bot-ui/src/types/transactions.ts": {"path":"/home/low/sniping-bot/frontend/trading-bot-ui/src/types/transactions.ts","statementMap":{},"fnMap":{},"branchMap":{},"s":{},"f":{},"b":{}}
,"/home/low/sniping-bot/frontend/trading-bot-ui/src/types/websocket.ts": {"path":"/home/low/sniping-bot/frontend/trading-bot-ui/src/types/websocket.ts","statementMap":{},"fnMap":{},"branchMap":{},"s":{},"f":{},"b":{}}
}
