TN:
SF:src/App.tsx
FN:6,(anonymous_0)
FN:7,(anonymous_1)
FN:8,(anonymous_2)
FN:9,(anonymous_3)
FN:10,(anonymous_4)
FN:11,(anonymous_5)
FN:13,App
FNF:7
FNH:0
FNDA:0,(anonymous_0)
FNDA:0,(anonymous_1)
FNDA:0,(anonymous_2)
FNDA:0,(anonymous_3)
FNDA:0,(anonymous_4)
FNDA:0,(anonymous_5)
FNDA:0,App
DA:6,0
DA:7,0
DA:8,0
DA:9,0
DA:10,0
DA:11,0
DA:14,0
LF:7
LH:0
BRF:0
BRH:0
end_of_record
TN:
SF:src/components/config/ConfigForm.tsx
FN:51,(anonymous_0)
FN:57,(anonymous_1)
FN:63,(anonymous_2)
FN:63,(anonymous_3)
FN:67,(anonymous_4)
FN:76,(anonymous_5)
FN:78,(anonymous_6)
FN:89,(anonymous_7)
FN:90,(anonymous_8)
FN:94,(anonymous_9)
FN:99,(anonymous_10)
FN:116,(anonymous_11)
FN:170,(anonymous_12)
FN:183,(anonymous_13)
FN:187,(anonymous_14)
FN:297,(anonymous_15)
FN:297,(anonymous_16)
FN:310,(anonymous_17)
FN:312,(anonymous_18)
FNF:19
FNH:0
FNDA:0,(anonymous_0)
FNDA:0,(anonymous_1)
FNDA:0,(anonymous_2)
FNDA:0,(anonymous_3)
FNDA:0,(anonymous_4)
FNDA:0,(anonymous_5)
FNDA:0,(anonymous_6)
FNDA:0,(anonymous_7)
FNDA:0,(anonymous_8)
FNDA:0,(anonymous_9)
FNDA:0,(anonymous_10)
FNDA:0,(anonymous_11)
FNDA:0,(anonymous_12)
FNDA:0,(anonymous_13)
FNDA:0,(anonymous_14)
FNDA:0,(anonymous_15)
FNDA:0,(anonymous_16)
FNDA:0,(anonymous_17)
FNDA:0,(anonymous_18)
DA:21,0
DA:51,0
DA:52,0
DA:57,0
DA:58,0
DA:59,0
DA:60,0
DA:61,0
DA:63,0
DA:66,0
DA:67,0
DA:76,0
DA:77,0
DA:78,0
DA:85,0
DA:89,0
DA:90,0
DA:94,0
DA:99,0
DA:100,0
DA:102,0
DA:107,0
DA:109,0
DA:113,0
DA:116,0
DA:170,0
DA:184,0
DA:187,0
DA:297,0
DA:310,0
DA:312,0
LF:31
LH:0
BRDA:53,0,0,0
BRDA:53,0,1,0
BRDA:66,1,0,0
BRDA:66,1,1,0
BRDA:77,2,0,0
BRDA:77,2,1,0
BRDA:77,3,0,0
BRDA:77,3,1,0
BRF:8
BRH:0
end_of_record
TN:
SF:src/components/dashboard/PerformanceChart.tsx
FN:18,(anonymous_0)
FN:19,(anonymous_1)
FN:22,(anonymous_2)
FN:56,(anonymous_3)
FNF:4
FNH:0
FNDA:0,(anonymous_0)
FNDA:0,(anonymous_1)
FNDA:0,(anonymous_2)
FNDA:0,(anonymous_3)
DA:18,0
DA:19,0
DA:20,0
DA:22,0
DA:23,0
DA:29,0
DA:56,0
LF:7
LH:0
BRF:0
BRH:0
end_of_record
TN:
SF:src/components/dashboard/RecentTransactions.tsx
FN:18,(anonymous_0)
FN:19,(anonymous_1)
FN:22,(anonymous_2)
FN:28,(anonymous_3)
FN:41,(anonymous_4)
FN:64,(anonymous_5)
FNF:6
FNH:0
FNDA:0,(anonymous_0)
FNDA:0,(anonymous_1)
FNDA:0,(anonymous_2)
FNDA:0,(anonymous_3)
FNDA:0,(anonymous_4)
FNDA:0,(anonymous_5)
DA:18,0
DA:19,0
DA:20,0
DA:22,0
DA:23,0
DA:28,0
DA:29,0
DA:31,0
DA:33,0
DA:35,0
DA:37,0
DA:41,0
DA:42,0
DA:45,0
DA:65,0
LF:15
LH:0
BRDA:29,0,0,0
BRDA:29,0,1,0
BRDA:29,0,2,0
BRDA:29,0,3,0
BRDA:42,1,0,0
BRDA:42,1,1,0
BRF:6
BRH:0
end_of_record
TN:
SF:src/components/dashboard/StatsOverview.tsx
FN:19,(anonymous_0)
FN:54,(anonymous_1)
FN:55,(anonymous_2)
FN:58,(anonymous_3)
FNF:4
FNH:0
FNDA:0,(anonymous_0)
FNDA:0,(anonymous_1)
FNDA:0,(anonymous_2)
FNDA:0,(anonymous_3)
DA:19,0
DA:20,0
DA:54,0
DA:55,0
DA:56,0
DA:58,0
DA:59,0
DA:61,0
LF:8
LH:0
BRDA:92,0,0,0
BRDA:92,0,1,0
BRF:2
BRH:0
end_of_record
TN:
SF:src/components/jupiter/JupiterStats.tsx
FN:31,(anonymous_0)
FN:45,(anonymous_1)
FN:46,(anonymous_2)
FN:49,(anonymous_3)
FN:68,(anonymous_4)
FN:94,(anonymous_5)
FN:95,(anonymous_6)
FN:98,(anonymous_7)
FN:115,(anonymous_8)
FN:131,(anonymous_9)
FN:132,(anonymous_10)
FN:135,(anonymous_11)
FN:164,(anonymous_12)
FN:180,(anonymous_13)
FN:194,(anonymous_14)
FN:199,(anonymous_15)
FN:202,(anonymous_16)
FN:207,(anonymous_17)
FN:208,(anonymous_18)
FN:286,(anonymous_19)
FN:288,(anonymous_20)
FNF:21
FNH:0
FNDA:0,(anonymous_0)
FNDA:0,(anonymous_1)
FNDA:0,(anonymous_2)
FNDA:0,(anonymous_3)
FNDA:0,(anonymous_4)
FNDA:0,(anonymous_5)
FNDA:0,(anonymous_6)
FNDA:0,(anonymous_7)
FNDA:0,(anonymous_8)
FNDA:0,(anonymous_9)
FNDA:0,(anonymous_10)
FNDA:0,(anonymous_11)
FNDA:0,(anonymous_12)
FNDA:0,(anonymous_13)
FNDA:0,(anonymous_14)
FNDA:0,(anonymous_15)
FNDA:0,(anonymous_16)
FNDA:0,(anonymous_17)
FNDA:0,(anonymous_18)
FNDA:0,(anonymous_19)
FNDA:0,(anonymous_20)
DA:31,0
DA:32,0
DA:45,0
DA:46,0
DA:47,0
DA:49,0
DA:50,0
DA:54,0
DA:69,0
DA:94,0
DA:95,0
DA:96,0
DA:98,0
DA:99,0
DA:103,0
DA:116,0
DA:131,0
DA:132,0
DA:133,0
DA:135,0
DA:136,0
DA:142,0
DA:164,0
DA:180,0
DA:181,0
DA:190,0
DA:192,0
DA:195,0
DA:199,0
DA:200,0
DA:202,0
DA:203,0
DA:207,0
DA:208,0
DA:209,0
DA:210,0
DA:211,0
DA:212,0
DA:214,0
DA:215,0
DA:219,0
DA:222,0
DA:286,0
DA:288,0
LF:44
LH:0
BRDA:31,0,0,0
BRDA:31,1,0,0
BRDA:82,2,0,0
BRDA:82,2,1,0
BRDA:229,3,0,0
BRDA:229,3,1,0
BRDA:230,4,0,0
BRDA:230,4,1,0
BRF:8
BRH:0
end_of_record
TN:
SF:src/components/layout/Layout.tsx
FN:10,(anonymous_0)
FNF:1
FNH:0
FNDA:0,(anonymous_0)
DA:10,0
DA:11,0
LF:2
LH:0
BRF:0
BRH:0
end_of_record
TN:
SF:src/components/layout/Navbar.tsx
FN:16,(anonymous_0)
FNF:1
FNH:0
FNDA:0,(anonymous_0)
DA:16,0
DA:17,0
DA:19,0
LF:3
LH:0
BRF:0
BRH:0
end_of_record
TN:
SF:src/components/layout/Sidebar.tsx
FN:34,(anonymous_0)
FN:40,(anonymous_1)
FN:60,(anonymous_2)
FN:64,(anonymous_3)
FNF:4
FNH:0
FNDA:0,(anonymous_0)
FNDA:0,(anonymous_1)
FNDA:0,(anonymous_2)
FNDA:0,(anonymous_3)
DA:23,0
DA:25,0
DA:34,0
DA:35,0
DA:36,0
DA:37,0
DA:38,0
DA:40,0
DA:41,0
DA:42,0
DA:45,0
DA:61,0
DA:64,0
LF:13
LH:0
BRDA:76,0,0,0
BRDA:76,0,1,0
BRF:2
BRH:0
end_of_record
TN:
SF:src/components/transactions/TransactionList.tsx
FN:42,(anonymous_0)
FN:45,(anonymous_1)
FN:48,(anonymous_2)
FN:55,(anonymous_3)
FN:68,(anonymous_4)
FN:76,(anonymous_5)
FN:126,(anonymous_6)
FN:176,(anonymous_7)
FN:177,(anonymous_8)
FN:180,(anonymous_9)
FN:230,(anonymous_10)
FN:251,(anonymous_11)
FN:267,(anonymous_12)
FN:271,(anonymous_13)
FN:275,(anonymous_14)
FN:293,(anonymous_15)
FN:294,(anonymous_16)
FN:306,(anonymous_17)
FN:307,(anonymous_18)
FN:321,(anonymous_19)
FN:322,(anonymous_20)
FN:339,(anonymous_21)
FN:340,(anonymous_22)
FN:369,(anonymous_23)
FN:385,(anonymous_24)
FNF:25
FNH:0
FNDA:0,(anonymous_0)
FNDA:0,(anonymous_1)
FNDA:0,(anonymous_2)
FNDA:0,(anonymous_3)
FNDA:0,(anonymous_4)
FNDA:0,(anonymous_5)
FNDA:0,(anonymous_6)
FNDA:0,(anonymous_7)
FNDA:0,(anonymous_8)
FNDA:0,(anonymous_9)
FNDA:0,(anonymous_10)
FNDA:0,(anonymous_11)
FNDA:0,(anonymous_12)
FNDA:0,(anonymous_13)
FNDA:0,(anonymous_14)
FNDA:0,(anonymous_15)
FNDA:0,(anonymous_16)
FNDA:0,(anonymous_17)
FNDA:0,(anonymous_18)
FNDA:0,(anonymous_19)
FNDA:0,(anonymous_20)
FNDA:0,(anonymous_21)
FNDA:0,(anonymous_22)
FNDA:0,(anonymous_23)
FNDA:0,(anonymous_24)
DA:36,0
DA:42,0
DA:43,0
DA:45,0
DA:46,0
DA:48,0
DA:49,0
DA:55,0
DA:56,0
DA:58,0
DA:60,0
DA:62,0
DA:64,0
DA:68,0
DA:69,0
DA:72,0
DA:76,0
DA:126,0
DA:176,0
DA:177,0
DA:178,0
DA:180,0
DA:181,0
DA:185,0
DA:230,0
DA:231,0
DA:232,0
DA:233,0
DA:237,0
DA:251,0
DA:252,0
DA:253,0
DA:259,0
DA:260,0
DA:261,0
DA:263,0
DA:267,0
DA:268,0
DA:271,0
DA:272,0
DA:275,0
DA:276,0
DA:277,0
DA:280,0
DA:294,0
DA:307,0
DA:322,0
DA:340,0
DA:370,0
DA:386,0
LF:50
LH:0
BRDA:56,0,0,0
BRDA:56,0,1,0
BRDA:56,0,2,0
BRDA:56,0,3,0
BRDA:77,1,0,0
BRDA:77,1,1,0
BRDA:84,2,0,0
BRDA:84,2,1,0
BRDA:141,3,0,0
BRDA:141,3,1,0
BRDA:144,4,0,0
BRDA:144,4,1,0
BRDA:149,5,0,0
BRDA:149,5,1,0
BRDA:219,6,0,0
BRDA:219,6,1,0
BRDA:292,7,0,0
BRDA:292,7,1,0
BRDA:305,8,0,0
BRDA:305,8,1,0
BRDA:320,9,0,0
BRDA:320,9,1,0
BRDA:338,10,0,0
BRDA:338,10,1,0
BRDA:386,11,0,0
BRDA:386,11,1,0
BRF:26
BRH:0
end_of_record
TN:
SF:src/hooks/useWebSocket.ts
FN:11,useWebSocket
FN:16,(anonymous_1)
FN:23,(anonymous_2)
FN:31,(anonymous_3)
FN:37,(anonymous_4)
FN:41,(anonymous_5)
FNF:6
FNH:6
FNDA:12,useWebSocket
FNDA:2,(anonymous_1)
FNDA:8,(anonymous_2)
FNDA:8,(anonymous_3)
FNDA:1,(anonymous_4)
FNDA:1,(anonymous_5)
DA:12,12
DA:13,12
DA:15,12
DA:17,2
DA:18,2
DA:23,12
DA:24,8
DA:25,7
DA:28,8
DA:29,8
DA:31,8
DA:32,8
DA:33,1
DA:37,12
DA:38,1
DA:41,12
DA:42,1
DA:45,12
LF:18
LH:18
BRDA:11,0,0,11
BRDA:24,1,0,7
BRDA:24,1,1,1
BRF:3
BRH:3
end_of_record
TN:
SF:src/mocks/handlers.ts
FN:23,(anonymous_0)
FN:42,(anonymous_1)
FN:62,(anonymous_2)
FN:73,(anonymous_3)
FN:92,(anonymous_4)
FN:105,(anonymous_5)
FN:117,(anonymous_6)
FNF:7
FNH:4
FNDA:72,(anonymous_0)
FNDA:1,(anonymous_1)
FNDA:1,(anonymous_2)
FNDA:1,(anonymous_3)
FNDA:0,(anonymous_4)
FNDA:0,(anonymous_5)
FNDA:0,(anonymous_6)
DA:4,3
DA:23,72
DA:40,3
DA:43,1
DA:63,1
DA:74,1
DA:93,0
DA:106,0
DA:118,0
LF:9
LH:6
BRF:0
BRH:0
end_of_record
TN:
SF:src/mocks/server.ts
FNF:0
FNH:0
DA:5,3
LF:1
LH:1
BRF:0
BRH:0
end_of_record
TN:
SF:src/pages/DashboardPage.tsx
FN:18,(anonymous_0)
FN:38,(anonymous_1)
FN:43,(anonymous_2)
FNF:3
FNH:0
FNDA:0,(anonymous_0)
FNDA:0,(anonymous_1)
FNDA:0,(anonymous_2)
DA:9,0
DA:18,0
DA:24,0
DA:38,0
DA:39,0
DA:40,0
DA:41,0
DA:43,0
DA:50,0
LF:9
LH:0
BRF:0
BRH:0
end_of_record
TN:
SF:src/services/websocket.ts
FN:17,(anonymous_0)
FN:21,(anonymous_1)
FN:33,(anonymous_2)
FN:45,(anonymous_3)
FN:51,(anonymous_4)
FN:62,(anonymous_5)
FN:64,(anonymous_6)
FN:69,(anonymous_7)
FN:72,(anonymous_8)
FN:78,(anonymous_9)
FN:84,(anonymous_10)
FN:89,(anonymous_11)
FN:99,(anonymous_12)
FN:102,(anonymous_13)
FN:112,(anonymous_14)
FN:122,(anonymous_15)
FN:129,(anonymous_16)
FN:130,(anonymous_17)
FNF:18
FNH:0
FNDA:0,(anonymous_0)
FNDA:0,(anonymous_1)
FNDA:0,(anonymous_2)
FNDA:0,(anonymous_3)
FNDA:0,(anonymous_4)
FNDA:0,(anonymous_5)
FNDA:0,(anonymous_6)
FNDA:0,(anonymous_7)
FNDA:0,(anonymous_8)
FNDA:0,(anonymous_9)
FNDA:0,(anonymous_10)
FNDA:0,(anonymous_11)
FNDA:0,(anonymous_12)
FNDA:0,(anonymous_13)
FNDA:0,(anonymous_14)
FNDA:0,(anonymous_15)
FNDA:0,(anonymous_16)
FNDA:0,(anonymous_17)
DA:3,0
DA:10,0
DA:12,0
DA:13,0
DA:14,0
DA:15,0
DA:18,0
DA:22,0
DA:24,0
DA:25,0
DA:26,0
DA:28,0
DA:29,0
DA:34,0
DA:35,0
DA:36,0
DA:38,0
DA:39,0
DA:40,0
DA:42,0
DA:46,0
DA:47,0
DA:49,0
DA:51,0
DA:52,0
DA:53,0
DA:54,0
DA:55,0
DA:56,0
DA:63,0
DA:64,0
DA:65,0
DA:70,0
DA:72,0
DA:73,0
DA:74,0
DA:75,0
DA:78,0
DA:79,0
DA:80,0
DA:81,0
DA:84,0
DA:85,0
DA:86,0
DA:89,0
DA:90,0
DA:91,0
DA:92,0
DA:94,0
DA:100,0
DA:101,0
DA:102,0
DA:103,0
DA:104,0
DA:106,0
DA:113,0
DA:114,0
DA:115,0
DA:118,0
DA:119,0
DA:122,0
DA:123,0
DA:124,0
DA:125,0
DA:130,0
DA:131,0
DA:132,0
DA:134,0
DA:141,0
LF:69
LH:0
BRDA:17,0,0,0
BRDA:22,1,0,0
BRDA:22,1,1,0
BRDA:34,2,0,0
BRDA:34,2,1,0
BRDA:38,3,0,0
BRDA:38,3,1,0
BRDA:46,4,0,0
BRDA:46,4,1,0
BRDA:53,5,0,0
BRDA:53,5,1,0
BRDA:55,6,0,0
BRDA:55,6,1,0
BRDA:70,7,0,0
BRDA:70,7,1,0
BRDA:101,8,0,0
BRDA:101,8,1,0
BRDA:113,9,0,0
BRDA:113,9,1,0
BRDA:118,10,0,0
BRDA:118,10,1,0
BRF:21
BRH:0
end_of_record
TN:
SF:src/services/ws_client.ts
FN:26,(anonymous_0)
FN:31,(anonymous_1)
FN:41,(anonymous_2)
FN:44,(anonymous_3)
FN:51,(anonymous_4)
FN:57,(anonymous_5)
FN:62,(anonymous_6)
FN:72,(anonymous_7)
FN:91,(anonymous_8)
FN:101,(anonymous_9)
FN:109,(anonymous_10)
FN:116,(anonymous_11)
FN:131,(anonymous_12)
FN:135,(anonymous_13)
FN:139,(anonymous_14)
FN:143,(anonymous_15)
FN:147,(anonymous_16)
FN:156,(anonymous_17)
FNF:18
FNH:13
FNDA:10,(anonymous_0)
FNDA:15,(anonymous_1)
FNDA:15,(anonymous_2)
FNDA:1,(anonymous_3)
FNDA:18,(anonymous_4)
FNDA:1,(anonymous_5)
FNDA:2,(anonymous_6)
FNDA:1,(anonymous_7)
FNDA:18,(anonymous_8)
FNDA:6,(anonymous_9)
FNDA:9,(anonymous_10)
FNDA:1,(anonymous_11)
FNDA:1,(anonymous_12)
FNDA:0,(anonymous_13)
FNDA:0,(anonymous_14)
FNDA:0,(anonymous_15)
FNDA:0,(anonymous_16)
FNDA:0,(anonymous_17)
DA:19,10
DA:21,10
DA:22,10
DA:23,10
DA:24,10
DA:27,10
DA:28,10
DA:32,15
DA:33,15
DA:34,15
DA:36,0
DA:37,0
DA:42,15
DA:44,15
DA:45,1
DA:46,1
DA:47,1
DA:48,1
DA:51,15
DA:52,18
DA:53,18
DA:54,18
DA:57,15
DA:58,1
DA:59,1
DA:62,15
DA:63,2
DA:64,2
DA:65,1
DA:67,1
DA:74,1
DA:75,1
DA:78,1
DA:81,0
DA:82,0
DA:84,0
DA:85,0
DA:87,1
DA:92,18
DA:93,11
DA:94,11
DA:95,11
DA:98,7
DA:99,7
DA:101,7
DA:102,6
DA:106,7
DA:110,9
DA:111,9
DA:112,9
DA:117,1
DA:118,1
DA:123,1
DA:125,0
DA:126,0
DA:132,1
DA:136,0
DA:140,0
DA:144,0
DA:148,0
DA:153,1
DA:156,1
DA:157,0
LF:63
LH:50
BRDA:26,0,0,1
BRDA:42,1,0,0
BRDA:42,1,1,15
BRDA:78,2,0,0
BRDA:78,2,1,0
BRDA:78,2,2,1
BRDA:92,3,0,11
BRDA:92,3,1,7
BRDA:92,4,0,18
BRDA:92,4,1,9
BRDA:111,5,0,9
BRDA:111,5,1,0
BRDA:117,6,0,1
BRDA:117,6,1,0
BRDA:117,7,0,1
BRDA:117,7,1,1
BRF:16
BRH:11
end_of_record
TN:
SF:src/theme/ThemeProvider.tsx
FN:9,(anonymous_0)
FNF:1
FNH:0
FNDA:0,(anonymous_0)
DA:9,0
DA:10,0
LF:2
LH:0
BRF:0
BRH:0
end_of_record
TN:
SF:src/theme/index.ts
FNF:0
FNH:0
DA:3,0
DA:95,0
LF:2
LH:0
BRF:0
BRH:0
end_of_record
TN:
SF:src/types/config.ts
FNF:0
FNH:0
LF:0
LH:0
BRF:0
BRH:0
end_of_record
TN:
SF:src/types/dashboard.ts
FNF:0
FNH:0
LF:0
LH:0
BRF:0
BRH:0
end_of_record
TN:
SF:src/types/jupiter.ts
FNF:0
FNH:0
LF:0
LH:0
BRF:0
BRH:0
end_of_record
TN:
SF:src/types/transactions.ts
FNF:0
FNH:0
LF:0
LH:0
BRF:0
BRH:0
end_of_record
TN:
SF:src/types/websocket.ts
FNF:0
FNH:0
LF:0
LH:0
BRF:0
BRH:0
end_of_record
